1764102005067:import --platform TRADING212 --path "/mnt/c/Users/nenad/OneDrive/Documents/portfolio/trading212/2024.csv"
1764102013684:staging-transaction-list
1764102021292:staging-transaction-list --platform TRADING212
1764102064566:staging-transaction-confirm-list --ids dc063c12-eb2a-4c44-a007-c12ebde8502f a8c42aef-808d-4668-b47e-bc76a9a05189 72836e8e-a270-4004-91ae-3586200578d0
1764102066863:staging-transaction-list --platform TRADING212
1764102108314:staging-transaction-confirm-list --ids 3f8c0ddc-20fa-4d80-9454-b7e39b65a4a8
1764102109985:staging-transaction-list --platform TRADING212
1764102171621:staging-transaction-review --id 805a430d-3b24-4d3a-b520-97519117c6b2
1764102186257:asset-filter --symbol AIR
1764102210225:staging-transaction-assign-asset --assetId df295f45-2d9a-4bd1-98fd-a43df868f7d7
1764102407173:exit
1764102459808:staging-transaction-list --platform TRADING212
1764102467055:staging-transaction-review --id 805a430d-3b24-4d3a-b520-97519117c6b2
1764102472538:staging-transaction-assign-asset --assetId df295f45-2d9a-4bd1-98fd-a43df868f7d7
1764102538318:staging-transaction-review --id 805a430d-3b24-4d3a-b520-97519117c6b2
1764102546107:exit
1764102603076:staging-transaction-list --platform TRADING212
1764102643040:staging-transaction-confirm-list --ids 805a430d-3b24-4d3a-b520-97519117c6b2 906abf1a-e61c-43e0-96cf-bc9c8ff41369 d6a4cacd-b9d1-459d-8451-bb15540101a7 0d80f420-2c56-4fb7-afb0-05dbdf061508
1764102654718:staging-transaction-list --platform TRADING212
1764102681937:staging-transaction-confirm-list --ids c291fada-8a54-41b3-ac4e-ebe0ffac7851 7d5ac74d-3cd5-48a8-9652-b9c1da9bb5ba f95bba6f-69d4-4de9-ba43-1ed4b50f2471
1764102684476:staging-transaction-list --platform TRADING212
1764102715078:staging-transaction-confirm-list --ids aca508f0-2276-49e5-8bd5-dbf70dad2513 bbbe28c6-83f0-4166-a8b9-8e3361767c16 d76b75a3-b885-4499-93e4-6112e93dbf4c
1764102719734:staging-transaction-list --platform TRADING212
1764102766553:staging-transaction-confirm-list --ids 9153a79a-19fe-463c-8b84-368984fc0d60 ed050a0b-fbd1-4ea9-8c46-8ee4f65e9d60 711c23f7-716c-4205-9e99-68cea31bfa70 72883cc7-5413-40df-b69a-a03499f97dd5 ec0d104c-2a61-4e8a-8dd2-c7e780cfd53f 406bf98e-d2ed-49ae-a155-a15763167869 4b69eaf4-860f-4f2b-86d4-a6b88e8222a4 a1f5b2f3-6225-413d-8916-0c59486769eb ca8e3230-3926-4df2-95c3-e1cc131df549 e522e627-d0d5-47fb-b6b8-efa2a2d5b444
1764102768954:staging-transaction-list --platform TRADING212
1764102806341:staging-transaction-confirm-list --ids
1764102808726:staging-transaction-confirm-list --ids dc9ec254-88b2-41e7-baa6-d96a36736105 d98f33cd-83ff-446e-9598-bb1ae15bb018 5ddf65de-0fc3-4108-bdf7-286242e4337d ed1b9f60-01e9-41b9-a923-f2c279c3579e 76a78aeb-fabe-4744-93de-174b9791b078 3ad2ab84-7bf7-4688-b0b5-80b374bde69a 33c4354c-9604-41f3-963f-699386b2a7f9 6169ecc8-47b6-4de7-a0ef-0a64babcf266 258e98e0-ef6c-4e05-9b18-7e8de0c2ac9b b8fac812-dd5a-4859-a145-02e051b4664f e4990c68-09b7-4c79-b0f1-d07a419a9c34 c8a682a4-a296-4d4e-bf0f-c27edf26059d 6ef74d07-ac7a-4a78-870d-24e0a2d56be6 62fd102c-2304-4e54-bb02-7faa9e1b7ff2 5e201f97-cedf-4600-a914-e9e216b1b364
1764102816090:staging-transaction-list
1764102827752:staging-transaction-list --platform TRADING212
1764102855688:staging-transaction-confirm-list --ids
1764102858006:staging-transaction-confirm-list --ids 48c241aa-1563-438a-ab6b-6b9866485553 7271082b-6c1e-473a-9ece-e465a2e1fe58 417281c2-70fd-4c81-bc2a-debf5afced17 2c2e3478-3cea-4f1f-9068-90bbef1773f3
1764102861964:staging-transaction-list --platform TRADING212
1764102894516:staging-transaction-review --id 7785bed6-0c92-4238-a1bf-225904989381
1764102901064:asset-filter AIR
1764102924987:staging-transaction-assign-asset --assetId df295f45-2d9a-4bd1-98fd-a43df868f7d7
1764102947203:staging-transaction-confirm
1764102970193:staging-transaction-confirm-list --ids
1764102995558:staging-transaction-confirm-list --ids 583fef88-4456-4c7b-80c2-af114b5a478e 59dd0b84-1d66-43da-9eca-de6b88989d14 0533f6e0-6cbd-424b-a4df-fa39f04ed6a3 0587ffd1-6506-4fe4-84a4-6641f731df0e d144d774-e4e3-4fbb-a6b0-60466c315212 6d4e4b72-0297-4fd7-8e2e-f72d86c43edc bd7d7b54-b53b-4744-8169-4c5e2b74c6e8 accf00fa-5db2-4091-92ea-8b62cee05952
1764103018563:staging-transaction-confirm-list --ids 7785bed6-0c92-4238-a1bf-225904989381 8f467709-6592-4589-b2d2-1c708b4637e9 bf95b7ae-6da6-4b4c-a131-3acc875b0a36 0f730b5e-d917-4eb5-83b3-5ec2cc8acdc9 5a16f96c-b3fe-4279-aaba-e710bd9b455d 7b86aa52-6b91-4120-ad59-299eb8784471 dfdea1c2-0d93-43fa-b555-f56a73a5d2ae 3ad7e8db-704d-4bbc-bd74-5c45d64243b8 d1ac60d7-137b-4a97-8ecd-0b44a6131d8e e1e01c09-6f21-4ee2-8d85-5ce747767c21 88706d8a-cf6c-45b8-82c2-21092ddde3c0 44c95b60-879c-445f-831e-ed82937515d2 e292d542-84a2-41e7-877c-04b0cfbb4a52 18e38824-8ff6-4db4-af74-8b56198ae056 3761d4c9-e894-4265-ba29-5a8cd5fab595 e1adafc1-f17b-4eb0-a31b-8ce8e00fd1d7 e09a6b81-a9a8-4eda-a888-516f621d9586
1764103022388:staging-transaction-confirm-list --ids
1764103025893:staging-transaction-list
1764103033512:staging-transaction-list --platform TRADING212
1764103075086:staging-transaction-confirm-list --ids
1764103076868:staging-transaction-confirm-list --ids 1336676f-5a6b-4574-8124-7cee50c88636 1d39ef6b-40ab-4e5f-b40a-c6cd853ceb5b 7b752af1-1535-44da-888e-3d302f446506 764f0eaf-bbe8-47c5-b0b7-7cea2bf58e9d 89088497-fa26-491a-af85-647474b4a478 4c0571ac-892a-4d85-b93f-a1d77008c5c9 98a40521-ee8b-4761-837b-28109c38f0cf 7cce65e0-4190-4d70-b2df-cc5bb9733557 494724ab-6f34-4f7d-bfc0-42b1489133fe
1764103080117:staging-transaction-confirm-list --ids
1764103094611:staging-transaction-confirm-list --ids e2efc02c-8c25-423e-a904-8d6cd149c585 9fd74256-45c9-46f0-b6a2-1f5bfc02c31a 7a1cf8f1-a3d3-4f5f-aa7f-827e50320213 78c8195f-6f54-45cb-b852-6224fa53203d 71dd76a3-bd2d-474f-bd9d-58f85635381a d82f684e-d593-4409-b7c8-c6be728be63a f15bea7b-4fc2-499e-9105-8b8af87186ce
1764103096688:staging-transaction-confirm-list --ids
1764103100985:staging-transaction-list
1764103107086:staging-transaction-list --platform TRADING212
1764103121614:staging-transaction-review --id b1c0d82c-9e57-4a02-b01e-27a4d237d1f1
1764103127603:asset-filter air
1764103134576:staging-transaction-ass
1764103202798:staging-transaction-assign-asset --assetId df295f45-2d9a-4bd1-98fd-a43df868f7d7
1764103215496:staging-transaction-confirm
1764103222181:staging-transaction-confirm-list --ids
1764103226930:staging-transaction-list
1764103233512:staging-transaction-list --platform TRADING212
1764103269486:staging-transaction-confirm-list --ids
1764103271123:staging-transaction-confirm-list --ids b2d1764b-f5d2-4740-829a-242c17e59021 0f9bf412-89ba-4e18-badb-9261d1be6ee6 12d4c6a9-e2f9-49c1-a73d-2ca6c1469edf eb99effa-6ceb-4de6-920e-2147796c055a 688ea9b7-43b2-48bd-b62b-100bd4c63627 afe6c3b9-3635-4d07-8bb0-d82182101fce bf06f83a-cd76-4d24-bed6-e458f1ee6da6
1764103286275:staging-transaction-confirm-list --ids 30e9fa16-4cf7-4eb7-9651-cfbaf9bd6e5e 6dc5acbb-0580-406c-80b5-d449feb29119 7f3f1a6a-5db1-49eb-9fae-f9b9e3e12593 4fbafa1e-6548-4140-9104-cabc2970d04f 139d92bd-c10d-4737-935b-776bff31cc94 fdcfd6a8-2973-4796-9dab-f4ff519f4b2b fa042305-a579-4bad-9041-73e5baae2d95
1764103288597:staging-transaction-confirm-list --ids
1764103303803:staging-transaction-confirm-list --ids bbd30112-3bca-47ab-9041-6bf3752fd3cf 1fb57778-9d54-487d-8f6f-b5780b142148 654d5b9e-fe67-4db4-9aa0-2368cc1d93a4 207d5d3a-a8bb-40e9-a703-81b7075630a3 695cd639-7c9e-4247-944b-859704674c94 e32bec00-c72b-4700-9fe1-e227d82f5f35 4a086e7d-cf15-4a1b-ae76-70fb9e67a00b 7b9175de-37f7-413a-82ef-8ccc292555b3 531b5172-1cc7-4a26-97c6-c8638504b778 d31d3cdf-7608-419f-aad1-cce83868ab47 815f2c02-08a7-4b8a-9f36-531a4762f36e
1764103307880:staging-transaction-confirm-list --ids
1764103311990:staging-transaction-list --platform TRADING212
1764103410911:staging-transaction-confirm-list --ids b08ff349-7bfa-4895-8da4-50dbce570aa7 4635bf22-74bb-44a8-af44-9ac535638ac9 e4c8ca8e-aeb3-4694-ab56-568caeecc0fe 37b7b5c0-1806-4852-a9f1-fa66ee04efa1 5b6cab1c-a145-4e21-a1d4-2f015d20ecea 8c2f9ec4-a90b-41b8-8b24-da455e3678da 64666dbb-240f-4a71-a73c-98efec446a20 4e942db8-0165-4547-abd4-acbe601714fd a56432a4-244b-4a23-bf3d-dd21e588d2e0 107698e2-e42c-4319-aa41-99f6504ab1c0
1764103425200:staging-transaction-confirm-list --ids e46ef491-6491-47a2-9b53-b29cd09c598e 4e7039bb-6732-4b49-9ac0-14f3d0a50fe6 22146157-017e-41d1-88d5-e3252933926a 5703e8bf-31e2-43bc-bf36-164d54f52b22 a3b820f5-fec0-48d4-a732-2914151cc3ad b73716f5-6abc-4293-bc78-2866de6d53b7 3c038fb9-0bf4-44f5-bd61-11333bc95738 9f265ca7-b437-4782-9378-a1e092dc4c35 7e745bf6-017d-4b73-9df9-e8c82b1ec35d 9cbbb2e9-7097-44c4-bf3e-0fb4e3915411
1764103428253:staging-transaction-confirm-list --ids
1764103439303:staging-transaction-confirm-list --ids 9361936f-4977-4bfe-8ccc-68827fbc8920 8d48ae59-6fd5-4a41-9788-0828d34f4a06 146f9e3a-5c4e-4a73-ac81-2eaf8f671660 43dc0c00-1f4e-4180-8ccd-d87a7d05fd5f ce103079-626e-46d5-bedd-d05d4e2dd892
1764103442199:staging-transaction-confirm-list --ids
1764103451016:staging-transaction-list --platform TRADING212
1764103482402:staging-transaction-confirm-list --ids b6d3bd32-0c2f-4885-8d0f-19925cfd2253 704c0f8e-02ef-4b7e-9f7d-30c342c9ae82 2cfe1a99-a9dd-40a5-b109-f3c2723324a6 97d6f1d2-9c9f-49e0-bcb6-71870fc516f4 c57e79b3-959a-4c2b-a251-5623c279b6b5 2c22bf9e-5674-464e-9d07-5160ef055525 a1553d70-0ee5-43be-be37-a40761a724f3 57d1c552-0580-444b-ad90-dd5743651540 70accbb0-d396-48a7-bfbf-77d0eb294c2c 878300db-1572-49c9-8f7a-ced5d53970ae 8f458b94-50b4-4c87-8f8b-720059141f59 72064d36-c513-458a-b2bd-3d9ae3a566b3
1764103484606:staging-transaction-list --platform TRADING212
1764103530382:exit
1764428415460:help
1764428444451:import --platform REVOLUT --path "/mnt/c/Users/nenad/OneDrive/Documents/portfolio/revolut/2024.csv"
1764428461389:staging-transaction-list --platform REVOLUT --limit 100
1764428511366:staging-transaction-confirm-list --ids a1ec0de5-f136-4bfd-b1e9-beeed5cac600 e7f2a911-2d0f-44ac-94c6-d520ea95060b ccca7537-6ca2-4829-a63a-9b9349e29c94 20ade34d-9557-4a6b-8997-c3d740a779d7 117920af-ccb8-44ba-8d85-bb6ad83c3ff8 22b51bf8-27a6-4f1a-a0c9-90c9d68b1d8b 244bc609-664d-45bf-a366-8bc6b7ce73e2
1764428522858:copy
1764428526689:stacktrace
1764428574825:exit
1764429312436:ddd
1764429315009:import --platform IBKR --path "/mnt/c/Users/nenad/OneDrive/Documents/portfolio/ibkr/2025.csv"
1764429321626:import --platform ETORO --path "/mnt/c/Users/nenad/OneDrive/Documents/portfolio/etoro/2025.xlsx"
1764429328563:import --platform TRADING212 --path "/mnt/c/Users/nenad/OneDrive/Documents/portfolio/trading212/2024.csv"
1764429333347:exit
1764434061604:import --platform REVOLUT --path "/mnt/c/Users/nenad/OneDrive/Documents/portfolio/revolut/2024.csv"
1764434067044:import --platform REVOLUT --path "/mnt/c/Users/nenad/OneDrive/Documents/portfolio/revolut/2025.csv"
1764434079559:import --platform TRADING212 --path "/mnt/c/Users/nenad/OneDrive/Documents/portfolio/trading212/2024.csv"
1764434195165:import --platform ETORO --path "/mnt/c/Users/nenad/OneDrive/Documents/portfolio/etoro/2025.xlsx"
1764434230054:import --platform TRADING212 --path "/mnt/c/Users/nenad/OneDrive/Documents/portfolio/trading212/2025.csv"
1764434244164:import --platform IBKR --path "/mnt/c/Users/nenad/OneDrive/Documents/portfolio/ibkr/2025.csv"
1764434274568:copy
1764434292925:staging-transaction-list --platform REVOLUT --limit 100
1764434329275:staging-transaction-confirm-list --ids
1764434331010:staging-transaction-confirm-list --ids a1fab6d1-6976-4292-9792-5397aafeab15 c91f970f-785c-4e8e-a728-9cabde4d74fd 6b90038f-8f63-4bf3-8963-1976f32f60bd 1e9bc12e-3c03-4974-abb9-ed1f33cfc94b ba680f7e-c27d-49fe-862d-e208b31e337a 100383e2-bf04-42f7-8a04-cd4c23c2e2d3 b65fce4f-1e3f-4e1d-a265-16abc5d1c534 7189e9f1-b10b-40b2-bd4c-d437a2adaa99 ec400dff-5f98-43f7-83cd-0979430849ba 778dbd6b-7e6f-46fd-a782-30107c9b824e
1764434343696:staging-transaction-confirm-list --ids
1764434351678:staging-transaction-confirm-list --ids 9b9710bc-d986-4dd8-8566-de6e43b95ba5 51eb0559-9038-4db8-ba4a-2aa2b0e4541b 86c01c65-16b7-4ab9-9c03-f4a11309b47d d404e596-c711-44c9-ac8a-669891e43423 fdb6d519-7168-4974-a736-e13ac9d63cc5 938608e7-8d11-4844-b950-ae920ccc0d30 adb6b784-788c-4a7f-8906-8fd23792e639 235daabb-0550-4699-a0cd-040734d4a5b0 72047246-31ff-45b5-b3ce-e26688a19cdb e17dbe2c-3dab-4efe-bd02-024a53cfcb63 fe33ee5a-0122-4eea-b495-c3b42c428724 42430840-150e-486c-8c29-f7412fcf081e 6d4b09e4-dd37-4ce1-a561-329f36a322e5
1764434357865:copy
1764436303351:staging-transaction-list --platform IBKR --limit 1000
1764436312833:staging-transaction-list --platform IBKR --limit 15
1764436348153:staging-transaction-confirm-list --ids 9e16bba3-2910-4b9c-82aa-b182b05f6320 48797b18-6261-4878-abf3-3dcd408d429a b9f539aa-0ce0-49df-8d84-0d00d8b2fb64 53c2f902-6b65-452d-bc75-fc1b70176047 1787d23a-4fc2-41fa-a82c-0461ed78d29b 24630230-5676-4877-a747-c136419bb2a0 abd337fa-20a1-4b40-bd7e-d4a6dd2a6caf 6eed5b9a-b297-48d6-8205-ea3f8c785586 458493b7-a8b9-49b9-84df-a717b53da24a a487c3ef-e0b4-43d4-81e0-884128ed0330 de88d30a-8e63-422e-be2e-958488ec3661 f9e2b262-aabc-4d6c-9645-a9ab60d61724 01e53db9-b680-4041-9ca9-f2745c0a5d12 ff2dc651-a067-48fd-86ae-32d04c038c5b 115de5a9-0d96-4844-9a73-37385ec3d003
1764436349944:copy
1764436354282:stacktrace
1764436789550:import --platform IBKR --path "/mnt/c/Users/nenad/OneDrive/Documents/portfolio/ibkr/2025.csv"
1764436812944:staging-transaction-list --platform IBKR --limit 15
1764436852527:staging-transaction-confirm-list --ids 94111e93-8782-4ba6-9943-618ebac8c1a5 a731bedb-b222-49a9-add4-48cd698daea0 54cfe6f6-00d9-4e95-90c8-3730b41543e7 fd09a1b6-28ec-49f0-b171-fef6f7fd5fc1 415a1870-a06e-4353-839c-eb723b346159 35836d45-d894-4432-a9e3-f37be78c23ac 29791df6-206f-45fe-b05d-538f70f1f0bf 519d4b6c-5677-4399-9665-c819b49c7a8d 6d0e66ea-0f7d-499b-8813-74ac972ff0af caf1cf9d-ea40-4112-acd6-f4569b3dc949 ce2ad92f-07f2-4ae0-a16a-94b0583356c6 c93f5e0a-6080-42c0-9677-02d6a221e32e 86f5aaf3-45d9-4c6a-a85e-724fd2d4435c 19d44482-ac25-4871-8290-7baccfee095c 4431b2a3-64c8-4c38-80fe-9d67451ea7bc
1764436857832:staging-transaction-list --platform IBKR --limit 25
1764436892883:staging-transaction-confirm-list --ids 37396d0e-29ed-42de-9b41-ff33201329af cdb6337f-fc39-4a9b-88db-95f163d79e7e 5a6e1fa6-777f-4e94-b896-31b419deda69 9dcd6ba0-c8cf-40b6-a647-1345220b4ef8 bf71b202-6eab-45dc-9877-18b499ea475e b93b376a-f5e2-4909-86ef-e928b8d7e3fd a3e71774-93c3-47b7-9964-01a3edf9b744 5aea98ae-648f-4ffe-a8cf-c0d9faae05a0 53c69546-d060-4df6-be7d-91f6f8ea5a10 a41aa637-94a6-4099-9a0d-f6d054d175e3
1764436921312:staging-transaction-confirm-list --ids 5fdc6d5e-1edb-4330-95e7-467dbcb13d2a 04eb506b-0f6c-4b6a-b9ba-001a28ae2e3a 3ef83733-bf51-4e23-b70f-9d929f28f76d 10b571ef-0ebb-4530-9df8-620fe2df9e29 f6db89b3-f260-4c20-8e3f-88edc1b6a9a0 ac22dd76-de13-484c-856f-e9ea922e9924 82d463e5-8d6a-4d02-8edd-9c1d1ad14b0e 8b1e23d4-b257-47d2-931a-8933e02b5ef5 edf29e8b-ed43-4650-a7f6-2d8553dad974
1764436937865:staging-transaction-confirm-list --ids 1c7cca60-8a0a-4dc7-b378-d057a37a355b fe8642d2-3d9e-4e4c-a916-f3066b891c32 e4accd05-c2fa-4cb2-8b8f-db8a00a1b68f 36a062ff-da32-4e7b-b9e3-edf0aa9a631a a97f9268-6014-4b45-ad59-fa029a97c60f 0c54065e-7cda-4f7c-8299-8393a4ef679c
1764436942583:staging-transaction-list --platform IBKR --limit 25
1764436975295:staging-transaction-confirm-list --ids
1764436976825:staging-transaction-confirm-list --ids c002f538-dfc7-43b0-ae9b-66d653066591 0f0d613f-b2d2-491e-b2cb-c970e354ae55 65853ad4-085e-4f86-969a-e43cbeac9fa9 aa4ecbfc-3692-46c5-b0dd-5255358a5071 6e5b06d5-8d42-45ee-9ab9-77a285d14413 4b540af4-de82-424b-b335-6d579b193a9b 496d557a-b5ea-4852-8684-04c076f6fd75 a43f7bb8-f841-4faf-83c6-8e847011c2ac ed39fd01-c52e-4892-9bc2-e5279adb0283 1c20ea38-0282-4351-b4d8-a91e78ec829f e231573a-a5c4-4ccc-a3fb-30c364afe69e d80dd414-9526-4b5b-86a9-0f6e78fe44cc aab6df30-bb2d-455b-a8e9-03aded28259e 204bc9a2-dd15-4565-b666-c6d545998fa2 342d153c-1b9b-4c1a-80a3-fb4f4e1c09a5 ed26e4e9-129b-4a6f-a31c-10e54d7ce450
1764436988244:staging-transaction-confirm-list --ids cf0a796f-e058-408e-816e-2bd1cfe71813 ec14469d-6e5e-4ba2-bf30-50d8f076e6aa 2dec6e1d-0803-4af5-be2c-fd3970596f86 26acde36-4671-47ec-a4b2-1691cc7086f6 8ced59ef-ec0b-4453-9003-ac250ac286cb d80d4413-f87f-4c18-90e9-37577ebe1b08 2d84b7f0-4ca8-4993-a5dd-6254e325a90e 122edf2e-4751-4892-8175-7ef5b43d9dde 9a495966-b366-4f2a-821c-e9b13e076f03
1764436990544:staging-transaction-confirm-list --ids
1764436993717:staging-transaction-list --platform IBKR --limit 25
1764437020929:staging-transaction-confirm-list --ids c68d7302-7748-486b-aad0-1fccb3e55032 5e997e9f-6803-4f7f-a7c1-dee911a53f8b 867be7c6-a798-4a8b-90b4-1c90123dd08a 6be5bf0e-7302-4682-9ffc-085d7f55e435 c2c6a7b9-100d-4387-b1c8-0cd561b53e94 53595f07-f8b9-4854-910b-b1a88f2b6cd4 96946bcf-a301-44dd-a3cb-40c9cd687b60 1239048b-d609-4c9e-958d-f92580babc1d e5dba801-c260-4b19-bff0-fcad36a79b70 1d63a27d-420d-47c4-99f8-1a01a41d971d 441b43b8-d500-4746-91ca-c5ae50c9d125 0f5b4d97-b831-44d7-bf7d-e728a7f2781c 84476b34-715a-46f2-a1cd-887672deb091 d7d30094-9b8d-4999-919d-beffef3d2644 1623b315-9d17-4398-8829-7daacfe404aa f88cf63d-65d3-4841-b47a-1e6e94b905f2 0c6dbcfd-357d-4a9e-9b79-42bdc881e413 368b3490-3b18-4054-bf58-b997e917479b 7217a594-cdbd-400f-909e-bea27d5b7d14 15e8b31d-c797-4ecc-93d2-2a1bc89e9c46 c8a9be75-83b5-49b3-9186-06825126dcee 94a02beb-b20d-4960-bf04-5ec386c8f8ba da8691eb-3589-4f04-8dad-0931fa09662a b8939162-f26a-4471-b9b5-ad9c4c6d82bb 482ca458-bcf7-40ed-809c-6c454fb331c8
1764437023798:staging-transaction-list --platform IBKR --limit 25
1764437048147:staging-transaction-confirm-list --ids 59631963-66ec-4071-a085-c411a7257339 a366bd21-7873-408c-8be3-f3cbb03d7eb5 900cac0a-de22-4d04-8292-0f136882a73f 054dab44-3c4b-4e7d-a86a-52388f2fe976 24faae39-14e7-47b8-819e-d25a62b07598
1764437049657:copy
1764437342192:staging-transaction-list --platform TRADING212 --limit 20
1764437431008:staging-transaction-confirm-list --ids 0ea5d024-b6bb-46fc-b84c-aa6bc5a76ae8 b72e407a-a8ee-4709-918c-e3a001dd3e3d 519a91da-9d2a-408f-a078-55a79f867a3e 4ce33552-ec41-4a8a-a7f5-4be90308d749
1764437433993:staging-transaction-list --platform TRADING212 --limit 20
1764437498841:staging-transaction-review --id 9912f11d-e17f-447f-926c-211f503b37ea
1764437510004:asset-filter --symbol AIR
1764437533991:staging-transaction-assign-asset --assetId df295f45-2d9a-4bd1-98fd-a43df868f7d7
1764437540338:staging-transaction-confirm
1764437550297:staging-transaction-list --platform TRADING212
1764437590498:staging-transaction-confirm-list --ids 4526992b-32aa-45c2-bbc5-16b8a1d0f1b3 ebe09ce0-71c1-437c-8675-da565d56e3d7 ea40c8ac-9260-44ef-954c-2c7f4705563f e608ca8b-aaa7-4765-98cb-4b1ca0ac31e2 3bc3bbb5-9543-47e6-8aff-ecc93def3db7 6354f728-90ea-4b56-bb1d-8f9cdf229158 580fcc38-3641-4c4c-a772-128ad229ef0d a747f591-5ebc-4b9a-a09a-8d4b77552ed5 f59cc8de-87e2-4e34-a877-07068a7fe2af b766b9c7-be4d-440c-ba75-9554bd5c89b2 feefef26-63a5-42d9-afa2-6a8df30befa3 cbe64821-516d-4e21-aa68-d97f5098ee25 de061ace-f700-4c09-b733-8953407cdda5 1a45fbf9-3141-44e6-9921-a4e608e5fea5 c352d7c6-5e93-4ff0-887a-46a45bfd32ee e7ac8149-1d8c-48c2-8450-ecaa400d2026 4df3d25e-471c-4e1b-8a4b-70e2bc96c21f e4e3c3c2-677e-42e6-afcd-5bdc20bd79d5 f1daf01c-7374-4ab3-9518-b9d4c6f21921 2addeca2-ade8-4777-a71b-ae15ea821059 ec45cb70-dadc-4362-b053-d5fcd7e9125b 64010be1-6cc9-43f1-8add-3a44669c333a 42b30f92-c471-4c1b-a151-f7a30a2f965d 052c567b-56c1-484d-bfcc-5195ef00a326 6a4646de-9edf-4ee8-aa14-e86eccdba2c8
1764437593285:staging-transaction-list --platform TRADING212
1764437633732:staging-transaction-confirm-list --ids 9049af84-e412-4616-8f8b-bc103fa5fb1a bc71d246-bd30-494b-b007-a6269be1dafd e98289e1-7284-4076-9e73-188d7f0127e3 ac2a9d24-0af4-428c-a860-a697e38b862e 5a193576-a485-4a08-831a-081669830ba7 54eb6acf-2fd2-4619-b41d-4ebf75411946 f53eb623-62e9-4e3f-8113-df508246623f a1f4d371-1e86-4d6b-ad19-3594467cc4aa 4f5a3948-dc3b-4755-b3e2-710f14e41ba1 6ef857c6-b99d-48d4-abb8-d8be8046d697 20baa167-43bc-44fa-9e5a-b84e4bfd7abd 53b8dd4c-e81e-402a-837e-e61c22b05005 d1a38e88-0bf1-44b5-aa66-686bd5fa07f5
1764437635719:staging-transaction-list --platform TRADING212
1764437650629:staging-transaction-review --id a7541030-b23c-4357-812c-99e30e395390
1764437660132:asset-filter --symbol AIR
1764437679503:staging-transaction-assign-asset --assetId df295f45-2d9a-4bd1-98fd-a43df868f7d7
1764437689554:staging-transaction-confirm
1764437694636:staging-transaction-list --platform TRADING212
1764437734813:staging-transaction-confirm-list --ids b8541e28-e3aa-4ff4-9b12-b24966f61f71 cd6077f8-2b82-4d22-870a-4d7436da8290 1be06370-3777-4d77-ba40-ff3bd91381d2 809df92a-4c4e-41bd-aaea-7510bfaba5ee cd54fc42-3ed4-46ff-a65e-e10251a82111 bc008d4b-f8c2-406b-b2df-b11bcb967d8c 115101b8-daea-4192-bcb7-ee2d18ee5620 2cf6f53a-9792-4a24-bfc8-d15f6701ac7c a4c06dca-7f5c-4aa0-91b4-5f25309fd731 ad5f7d8d-ee1e-47d1-bc4e-421848776b3c 0d727d6d-cb32-4787-915d-f3e875b347c4 f5ba9d84-3f00-4b64-93f4-57183481142f 257a7288-a909-47f6-9d4a-18b02f674a0d aff61733-8052-4268-be97-36e3a7cd2968 01c73f79-9465-4dd6-93a5-6f8f719d2ef3 4b38e9c7-c853-4d4c-8fa2-635a3f69ea5e 898df9a1-d641-458c-8dd6-e61e9c068620 70408835-5b41-4856-887d-ec9163074db2 15e76d51-dd6a-41a9-a1e8-bfb08c9e846c b84b4bda-c946-4884-ba67-24d5c1e837b7 55b4b635-7f2e-4f2a-81bf-9ef0f5dc5cbe 855723cc-904f-48c0-8bc8-30934d8ca564 87d036db-b6b4-4a6f-ad8f-499374a36720 53b0dc48-879e-414d-aefd-d88959ef0f8f e2a82802-7232-48a4-8273-10141dfe2435
1764437738072:staging-transaction-list --platform TRADING212
1764437770123:staging-transaction-confirm-list --ids 07aae37a-cb02-42d2-a38f-d51e332d0f42 6cfdc754-2ccb-4fb1-a042-209682af69a0 5e6b5c6c-82f5-46b2-93cf-7af3a954e2a4 cd1b1a86-7405-4739-8667-271b8635fc96 d503a19f-2dea-4800-860a-bea45ead665a 9451242c-71e1-4c51-b7fd-9f0491a7227e f0eef3f0-f9f7-466b-90cd-bae86cfc4e5c c3e76298-c822-4dc8-978d-2150e01be1ef a0d486f3-8a15-4289-8272-7e05579400e8 5fcf23c9-553d-4f2b-9e6c-fdf9f380a676 243bafb5-0996-4700-8e30-0dd037c3d347 31ac9047-ddca-4e58-9bd4-a5b449609aec 60826059-9e72-4bc2-af94-f89a2607449e e3d68d6d-6524-4fb6-820a-5287cb1474ae 2ed32bcf-65ff-43d9-bd0a-6cf15161e80a
1764437771623:staging-transaction-list --platform TRADING212
1764437787391:staging-transaction-review --id 855f4ab0-69c8-443b-8d56-fa0df29b9755
1764437791659:asset-filter --symbol AIR
1764437825106:staging-transaction-assign-asset --assetId df295f45-2d9a-4bd1-98fd-a43df868f7d7
1764437830977:staging-transaction-confirm
1764437835611:staging-transaction-list --platform TRADING212
1764437873925:staging-transaction-confirm-list --ids 673bf224-0906-4bae-80b4-f9e25c49cfd0 3db312e6-efa6-4141-8a2b-278da15a9f79 cee14be2-4c55-4f1d-a8a9-9709eca3473b 194ffe64-d646-4584-9d95-3d6b43fc292c 8637cdc2-6b8a-45f4-ae20-ed19be1ced61 5399a95e-618c-4fe4-92a0-d2cf8f08b70a c1d81a24-67b9-4931-9468-87af55d71a7b 4890c474-d87f-4492-82dd-9f19fe001d89 37f2aea5-64dc-4fd4-a2e6-ba890368b452 28f2458b-7cd5-4975-adae-798da872ca97 8601d2d7-f71f-47c5-9488-e2d6362ef0f8 b34739d2-4474-4132-806a-a465e38c001e 351ecbc5-1c4d-4f88-81ec-88671927b65c c0d18b55-3791-4051-a9ad-937654d0b5f5 ae99dcdd-69e7-4bef-a020-d5c34d11d39c 11c9a331-8220-4315-9a74-bca0f6ff3852 280335d0-6924-458b-ab37-c849e472088f 52572851-4b80-4691-b868-b0ee13ad24ef caf015f5-687f-41f9-988b-967482982a7e 97bd91cf-d51c-44e1-b2fc-b0a1f66dc52b 1549dbb2-3042-43b1-a4dd-a7efd8207c9b 4d08a018-503d-4a66-88ce-a246630ce6ca 5385f525-ea0b-4c0a-ad1e-e3cf0166d114 b6b22e62-98dc-4b91-943c-44cc08ec7597 d8d8862a-a426-4c77-85ae-71cc471f3006
1764437875881:staging-transaction-list --platform TRADING212
1764437913040:staging-transaction-confirm-list --ids bcd3803b-bd21-4001-b40f-d6f7ec4e8eb2 dc8088c0-d287-4b1d-a5af-bf13bb32e951 7c45d694-7185-45ad-aa1c-cccdb398a665 74d6c568-d095-4e07-b3cd-0a9f7726d270 2b055118-55a2-4684-afc6-55bd84d04351 3c82e0a2-0844-460c-9f65-6b67d5373833 feaa7700-658a-40e9-b1fe-a720a40b1619 fade099d-59e1-49e4-9091-f6a2bda9ff7d 1697cd3d-13d8-47c9-9eb4-10700de3382a cc8653ff-403b-4cd4-92ae-4e4ee3cffbbc 21cdaf8b-53e6-49b1-8fbe-4f67e2d3d0dc 6eddca52-1cb0-477e-b0c2-4e82811467a8 4c714d52-4be5-4138-9af5-db343058d925 ee15ec2d-d25d-4977-b0df-fb0ffcedc18c 61cb4c59-3262-4dac-85e3-24afb27ef0f0 3be769e2-7ae9-4731-a6d0-88ff9fb59776 a840cbfe-eacb-46ed-b9d3-f3563d75b792 d4ebeb20-efa4-45b0-bfcf-f1d3647cbb70 f23004be-dbdc-4907-8e08-75a0b7ce3275 bfd73e7c-a71a-44d6-a466-a4a861e924ad fe2d7b7d-e7ae-4fff-abaf-b4ccdb2e8a09 61e99cd1-b24c-47e4-997a-025cc70b803f 496c03e9-d6d5-4316-b19e-b212fee10cfa 44be4a35-8cc5-4b7b-b8ec-1dac9138d095 aad48a03-a919-4582-b5be-40f1a79c1edf
1764437915595:staging-transaction-list --platform TRADING212
1764437949391:staging-transaction-confirm-list --ids eadda6cc-e48a-4d6d-9c84-a34cd5ea2fad  197252a3-34e0-4150-9dd9-398c01f98968  68b7063e-1646-4f6c-9ccd-f9abb2b8b58a  4be294c8-8aca-4f8b-bb50-0c3d7e283608  ae012bcb-d1a2-473c-9d77-d8fab8b104af  829661a1-1bc6-4cef-8f39-1b75c23fe77e  3c20c25d-889e-423e-91a7-91842d8e2daf  1178f96f-31ef-4674-ba1a-8eacca82514b  155c2cfc-72db-4ae5-a2ec-ea6973b649a0  7baf00f9-6963-42a5-93bb-00bd58f0d9ef  7b129803-3c6a-4adb-8d37-7b65a3d88c24  859b284a-e929-4a5b-8feb-0bc42acf0957  21a78c7a-85c2-4765-867d-2a42aa87c1ac  936299bd-571b-4670-be50-5de3f2b06eb5  504051b5-b680-4ae8-8397-750e78ea6a8b  56a04faa-461d-4026-b44d-f9fcdfe975b2  7fe0656f-4011-4126-928c-5763a095e442
1764437951645:staging-transaction-list --platform TRADING212
1764437964424:staging-transaction-review --id 32511e19-bbeb-4a41-bdb8-1407dd6edc25
1764438014179:staging-transaction-confirm
1764438018132:staging-transaction-list --platform TRADING212
1764438068263:staging-transaction-confirm-list --ids ca496d2a-ffc4-440b-b3e8-1eb3269e579c 063eba8f-490e-4ebe-a1f6-cab5a8311dde 6a31f353-bb89-4f6e-bd3c-aed14b18fccc 481e723b-1933-4db2-b9b4-8ab59335f496 5fe59813-7449-4b10-a606-ce64563a70ae 23f421bd-e58e-4243-977c-b9733b6a2f17 99665c66-fc4a-44da-ae88-76ea36f5e56a bd50253e-5365-4738-96bc-f84283bd8f83 952b549f-2f5a-4987-a056-a275b9f31382 f2d10d7e-a02c-4a0e-8ea6-99ce117f92b4 c53c1fe4-e0c4-4436-a2fa-dec3cfcf004b d055a048-86f9-4ae7-9ce5-411f37c087ad 5e5c6b25-5302-48ce-8b22-7799b0c8545d d6651cf6-8fd8-49c4-bcfe-c8b2292945cd 40ef0541-23e1-4bcf-8b54-940662ef03cf 7f5a6ff1-3b3b-46d1-801c-cc8d28092e69 5d2adb0d-e7aa-4d6b-a7fb-989200c0081c 624305ee-662d-4c5c-9d85-dcac05e5cc6e 3f33455a-b6b7-447d-a70f-94371ab83278 97f30421-fba0-4f1c-baf3-2125f3601a94 e724cc78-c871-4ab0-bae1-479738e3cdd6 054dbcc8-2f66-45c4-a580-d78aefb9b19e 2d757c4e-3967-467f-9639-40e155dff102 57a63e7c-5bfc-4f7b-954d-1855b46c20a4 94419488-ad28-40fe-948a-747bf36fd1f0
1764438070017:staging-transaction-list --platform TRADING212
1764438105328:staging-transaction-confirm-list --ids 9be38830-54b5-4056-bb53-4a0a26fe72be  7a54fbe4-22a4-4f7b-9f32-ba71108329a3  5f21297f-2932-41f4-81f4-e234a324103d  0195f8ae-b66c-4973-a037-86971d37edfb  f3e5241a-e83c-45ee-a5c9-b08ee095d75c  f586afc7-e5cc-4ce2-87e2-1246db76c9f0  d22d28b7-0df2-4d62-8824-fa40f8b05c25  3714c113-92cf-48ca-b74e-63233d306e4c  b258d173-8ad4-4ae7-8471-aacc39b2f6b3  2e3d573d-64e4-402e-9e88-7f9934106ef3  0163eec1-408a-4aa7-8510-957cc067ed15  3074a920-30d0-420e-b246-52de57475ce4  bdd30c94-ee08-4d0e-9b67-2c0138cae9eb  b7f1f4c5-8278-42ab-a1e6-96816237a91b  036ecc54-4a54-4786-af1e-2930b8599ad2  0b22653c-bf2b-40b6-94ad-3b8aaf686ed1  2b2ac55e-9250-4dd8-9fd4-bdfa646f3b3b  674dadd7-d54a-40cc-8745-6d4170479ea0  9a9e8fae-a2eb-4026-817c-a38f53b46c6f  96e586cc-302f-44c2-8f88-35623b3c0eea  c884cbed-0414-431b-b20b-09c0fb901a82  a9d2a1bd-b4b9-4ef8-8133-f37be58cacd0  adf96d32-e463-41d3-bcac-16e6fb2317ff  52b5355f-a2ae-4213-8459-a47820e9926d  5f12f5a1-5762-41ad-a6eb-1b62909d871e
1764438108072:staging-transaction-list --platform TRADING212
1764438153495:staging-transaction-confirm-list --ids 4a9bb946-fe89-4cc0-9f9c-f9a854ad276f 22492d32-1754-485a-98b9-37c549e5f731 265ddcc9-0d7a-4863-a2e7-cadc0c89385a 60799225-45a4-4c98-9e59-a55319650e32 9f2f5958-9c50-4b4d-a9a1-3865e80ac1b3 c5cdeba4-fcf5-431b-b20b-b245d23f3a57 56c70a9d-5083-4177-97f6-26356a17d38d 3101f7be-d487-4e16-b814-e4d3ef4fe0a5
1764438167557:staging-transaction-confirm-list --ids
1764438189073:staging-transaction-confirm-list --ids 569f7e17-3d19-4ca9-81fe-6f1cb019096d 7d3c2bb4-f33c-4fcc-9fa1-e0168c423443 7769b664-6e66-4cc7-82d9-1c6a1bea32ec e66f790f-70a7-4bea-bf79-18fc5fe967f8 7a53e4ab-a647-4a8f-be84-23a981238bc6 6c0dda28-fc18-4615-b0c0-9f87d1e06149 8e6d9054-7a34-4542-a8d6-7d095c4e6137 414e08f3-2e3a-4be9-bdae-9f0eca9746b6 2e5032c3-b5bc-492f-96f8-dc209f96ae13 c2cabc43-c525-4a6d-a9ef-d84fd52d93b9 842cf3e0-d6b0-4886-ba23-f791dbe5e131 f7b374cd-e695-455b-a4dc-b42c6f3c0d57 878bf2f5-c0bc-4eb0-9dfa-690b31939944
1764438204195:staging-transaction-confirm-list --ids 67eb0e13-c550-4503-ace9-ef82b1b9febd acc18f67-e360-48df-85fc-ad7475684d81
1764438207050:staging-transaction-list --platform TRADING212
1764438264001:staging-transaction-confirm-list --ids 72c3ffee-264e-46c3-a284-5fd0a8d589ce 149c0e02-edfb-4948-b5c8-470213a8fa18 6d7aacad-952b-4397-8b58-1c5c29d7667d 0b6ff74c-b855-4477-a696-f5412613934e 7a646c79-3ee1-45c4-ae73-7053b16220bf 657e205e-b40d-4c8a-9817-bb2d1d18e271 86416029-9d62-4358-b9aa-c1a77669d566 253a8825-26ae-45d0-96e6-748c4897753d cb011b4f-07be-4591-aa3e-3f17631f6fc8 e0dc7bcb-48bb-46ad-ba13-d4f7f805b460 4a4037c7-19c0-49e5-920a-0b6b0192ce26 5bd23d60-fd38-4d74-b9ca-c08952127843 a7570990-97c9-46c6-b901-edfc8b26e28b e8fad490-0833-4a86-b2f0-a34db814fa4d 667141fc-eb6f-41f6-a2b6-2be71b4aa9ae af19aaba-e790-4b5d-a771-974331091c25 a9a9548d-cf79-4758-8152-dd65028e028c a56f9fe6-71cc-4a2a-a642-8e0dbaaaedc2 a73f084d-2882-4a53-909e-4c595ff18c55 9dc90410-841f-4c22-98c3-16553073f918 f40d8981-8122-4f0b-ae9d-087f23348771 50c7930c-2ed3-45d3-a483-254f00c39a1d
1764438265751:staging-transaction-list --platform TRADING212
1764438314400:staging-transaction-confirm-list --ids
1764438315983:staging-transaction-confirm-list --ids 9e9e838a-42d3-428b-b538-c5f52d8a6e97 a0b44f9e-da10-4751-8364-ace59fbad2aa 705925d1-1653-4912-a97d-25c8c8161b67 c8f15f9b-91ed-4697-8072-7625f8ea0017 38e21151-23c9-4793-a3fa-e91501d00331 a71ae6b7-ce49-4986-80e2-8602ce41f2e1 54fd3871-68df-4a27-8099-4f8b4acb5654 a399c543-45b4-43b9-a170-e259f32b8283 ddfeb751-f4c2-46e9-bdad-968ce5405341 2ce5d84c-c2da-4f14-877a-93f4576e6ca2 805ee1d2-10d5-4e15-acfc-2e1c19d6d686 4543d6ec-4c86-4a36-b547-9eb19b2f1982 ac388886-3c45-45d2-b353-4c478b83e141 ec57413a-4ce8-4a6b-9e4b-d32fa93cd7d6 7dad2064-62eb-4574-aa6b-ce39077eca78 e9383540-647b-45f2-b270-ec09f0163d08 6ca6e5c5-d550-4560-a402-cbc03ec9cbf1 e3cb3817-7b9c-423d-9bcc-ad6a2ac11645 5861c075-325c-4432-a131-56034a32ea9d 834af05e-7e16-4ece-af40-a6dfef95c83a 4549758c-bc55-4c64-95ca-889b63471574 9b349f99-4c5c-4d22-bb8c-965210e0b84a
1764438319415:staging-transaction-list --platform TRADING212
1764438388988:staging-transaction-confirm-list --ids 32bb37c2-0cce-4d0d-b553-27dafb1da962 7a8e30f7-7b26-4fa6-9d3d-0693d52fc238 24aec6d0-7c9f-4355-aae6-0dd44655d086 6d2b4e91-e8ca-4f2f-bbad-f88be4c89123 4bd20d3b-9dce-43b4-bc01-11d535b284d4 2d0bf3f1-26eb-4d8a-9230-a6bda1bc15bb 2e783870-7e67-4f92-b781-6d63a2dc04f9 06bf7f09-867d-4d3f-93bb-7f79da204bf9 0ad0717e-65b9-43ac-8b58-3a326a2d4a6b af98c973-e02f-47d1-a325-e1f464becbd7 1aef0780-830f-441d-a0c5-1ba86df471df ab4f1a95-655b-42d6-86b3-e0694eb56251 6b2d2c4d-083f-4d50-9aa5-772c0de5fdb0 b7657e14-fb5d-4603-b0f2-96965480ca75 2a5dd08a-08ca-4f1b-8348-86bbc70c97ea 4ab91329-779b-4ed1-8582-8f7d7c3836ee ce1ee5c7-3216-4551-8091-10312fecc141 d54fda86-f055-4671-b990-b8295397be41 5b2f9246-267b-4157-a85f-a710d9222378 4396e0b5-37a4-454a-a5fa-0aef74bd99dc 065330ce-0ebc-4c26-9119-5c38430dcea2
1764438393087:staging-transaction-confirm-list --ids
1764438394876:staging-transaction-list --platform TRADING212
1764438447340:staging-transaction-confirm-list --ids e045a1b5-7b22-4049-8d25-1eed80ea46bd 8b28ef99-4d3b-40b8-919c-cf0885ecf11c 9217b999-1f2d-4637-928c-872350e97e12 4c60c04d-8890-4438-94b2-94cbe63b9adb 9a7ae54d-5161-4937-a794-c12bc886d5bc 3941ce75-dfb2-4ff0-9709-70d5a83b267e db1dfc16-1513-4dae-b16e-20f34627d869 066846ba-419d-4d61-aa37-f59ea65f9b89 378fed02-4d34-4678-be9d-81399fc35082 0263684b-7c5e-414e-9e8f-4d1ff7f66979 8189b6df-ab6e-440d-8407-a696fe83d32f 360cb8cb-a6b4-4213-a630-334d157b2670 5e61f452-e345-4b2f-89ef-811cf6e01541 b4f8369f-f761-43d6-b3fa-08bdd6476be1 c520aa89-e380-442b-8381-858923edcec3 21bbb148-7980-476f-a2c6-b769a3cb1e23 8724a189-1320-4068-ad8e-bc951023fe2e 45dc0502-a361-42fe-90f0-b7673cc903b0 26b84104-c76a-48c2-a569-072aeef7692b 9defd6a9-e352-440a-b78b-6bd696e72982 9fd6b97a-5569-461c-9023-36d17385c2a0
1764438449394:staging-transaction-list --platform TRADING212
1764438510101:staging-transaction-confirm-list --ids
1764438511479:staging-transaction-confirm-list --ids 0174c907-215d-4430-91f1-ea585bcf5fe3 5247a0b8-0b25-4254-8d30-545e692a79d6 035d596c-25fc-48e1-840f-b7bf112448bd f0ba1854-0793-4ce7-9ce7-1e1d18612337 f69095ce-25c3-4a3d-9107-99acfde95e9f fc083aae-0f99-4874-88ee-4c139383a085 b513f83a-bc5a-452a-afd3-ba6990b3c1f9 6e0516b4-63eb-4789-be96-9d020f1c0813 13f2af36-3875-4641-a701-192e888868d8 4d0259be-e8dd-4e83-92d7-d2a8dfa7ec37 90369b22-bf42-4e1f-ac8e-eb9b875734e7 c57caa5e-59e4-44d5-a96a-b0b79e154fbe d15b3aad-313e-46fd-9c6d-0eca3777f5d1 20222291-d1ae-482e-af9a-69d3dd99ef92 4fe77cb8-60bf-4056-a0c6-0d1f1ce2507b 2b0c489b-5c1f-42a4-bca3-e7edb3e4f411 42223d95-195c-4472-8353-8058fd445930
1764438513148:staging-transaction-list --platform TRADING212
1764438546392:staging-transaction-confirm-list --ids
1764438547794:staging-transaction-confirm-list --ids b5890b82-722b-462d-a920-2f7ad2fe81b1 99bc2c04-7cf0-421b-b581-6f2921c6b160 dbd3f757-88ce-4910-934a-e8449deb7121 704c118e-1d6c-4083-b961-2acc9ce9f949 23b86404-9711-4b5a-9b2c-c04f5f996ae1 5c8ff5d6-9c3f-434e-918d-2e3a1f585d57 79a8b195-697d-4c1a-ae12-4238e7360ac9 a04122f0-8ce6-4e3a-9a8e-cc46376162db 066007c0-f6ca-4ad6-a942-3d17bd3f9cd2 aba79eb9-e3a5-4871-a0ff-fb21c4a2f39f 7c4a596e-0b8b-449f-a094-c85494352f4c 32a4f538-f3e3-4278-b3fe-1d257dea1ae9 49f1eb6a-2259-42e5-941b-6b811774d494 fff08417-d434-4371-8099-23fe1c270537 7d2c126f-50dc-4159-9d6c-bdbb814e8bc2 d4626a6f-96e7-4afe-a9d2-9279c62e9899
1764438555200:staging-transaction-list --platform TRADING212 --limit 50
1764438590636:staging-transaction-confirm-list --ids
1764438592194:staging-transaction-confirm-list --ids fde65fa9-9828-4038-a43a-3713182e3aa1 21f851c0-d70b-4d04-a732-f39df9bcab2f a9c3bd6b-a9d6-491f-8fa0-6f410f33d135 354ace21-c831-41b0-a02e-41d8a99376fe 002804e5-a71e-495c-8c48-e725e04f026b a85dea0d-87af-4fac-bc93-b225df0ba97c 956b589c-a5f5-41a8-8eb2-4845d562b281 13e625eb-3752-4225-b48e-1bbddce2916f 208044e8-e5d0-47b2-893f-d61dde231ab0 e9c7514c-c0f3-4da4-8b49-5827c08e1e03 6a5485bc-9a93-490e-bd0d-b8ee275495fe 9c19b8a0-9601-467e-9818-a237a380215c b7300cd6-28ef-4b20-8ce4-824e1ac575c2 08a9191d-62ce-484d-912f-f22bb7c72d16 68112f58-a08b-4cab-9e54-81b53140b4e8 6d582d16-24ad-4ded-9028-6a3a438c96f4 b5d6a498-7751-4b69-9b10-f77c5f7396bc 75933195-dc54-48bb-8196-50dc2caf3f7b 48452157-cd9f-45a7-afab-fa9fc3d311ab 0ab805e2-3c5b-4748-8e23-3da9eb49f9fb ee5a05d4-af96-4fa1-820c-520941dfd0a5 8bc3d528-bc5e-481c-8b8f-17d17a40198c 8d296fc9-71d4-4a2a-87b3-23e589791c32 7daed3bb-286d-431f-8d93-7a4f5649efdf c9577a68-a54d-4000-be3f-bf823adadfcd 31a208e6-fe6c-4f41-8ec3-7bb3a2a8c165 42555a33-197f-485f-99e0-9946949b2ae7 3b0a1e3b-7b79-4bd7-8f99-0e99f18597f5 c633eca5-591e-486f-b732-ab5ac6ab08a9 dcc3a218-bd91-4bb5-96f9-3b0842c4e744 70c3de45-e8cb-4f66-9f40-69a0b079d186 b49a369b-41b7-44f1-88f2-207237208fdb b5177c90-662a-48cb-8fc0-6103aab62aab 4c3f196f-d62b-4503-a2ae-94f9b3a2ee05 0f894f45-6a69-47a4-a001-cce8c94def87 9613477b-d1f1-42ec-82ea-e83420759549 d2921e6b-060e-4879-bc1e-ab95d40a3699 e07e86b4-8739-485d-ad52-274c0695cddb 316eb4c8-adc8-4d7c-9acd-42cfda17d1b5 4cbe472e-dfae-4a85-8664-80d7cf4b5e00
1764438595175:staging-transaction-list --platform TRADING212 --limit 50
1764438637799:staging-transaction-confirm-list --ids bb7949f2-a3a9-40af-8282-420feb7028ee fcbac399-0797-4b95-9f67-1fe37429d172 d787420b-24dd-4dd9-8c31-63cc78d4eeeb 11597559-9725-499b-be9a-43e2fe4be9d0 cc268f29-033b-4d56-95e2-a9b8d3be955e b2805d18-f898-4303-a64f-84be72129375 8b32ad3d-c3af-4d55-a63e-8ce5b99a254e 8c91ec6e-652d-4ae7-9478-d6185ac4c414 ae953539-55f6-4152-9b0a-ca146fbbf066 ed509a78-9819-4e90-a69b-b729da9f2a25 041de019-209d-497a-8d89-ff3ad65fce9f 306a5976-46ee-41bc-84a8-7adecb8a42cd 36d806ef-ee1c-4a38-bf66-660a76059ae6 fb418a47-f91b-451a-9b2c-4f5a598754f0 b7ff0ab4-9438-4cb1-b02a-f62e4ddd79a0 9168b1be-bad5-413b-870f-93e928736fa5 ec0d9ee3-e398-4091-b8e5-8c7755637fae 485f76a4-1836-4c02-81d5-fc7221046d83 29186964-9f77-446c-b0c3-dcb426c8e1f2 8b6f0ba0-62bc-42ad-ae45-f4e1174ab3a1 6bda81b8-db5b-4b61-9bb0-933cda7754de 572bf490-784e-4b18-a073-7f23dca99c3d b95526ff-a56c-4850-bee7-61c7ea3e8d50 a8b23d60-38cd-44b7-af9d-48402d286301 ebbd2db9-7f54-4247-871c-bdfa524b6288 7617327a-2f71-4d48-be01-94f79e8289c7 a4476be0-e2ec-465a-bf6b-84e7865b0401 27ff873f-8aa9-4b7d-8ca9-9a2c264a3295 37e205b9-73d3-4461-bae5-f4cf7fab5769 c31c2392-e904-481f-9160-89d950917d1a 7487faf6-5e20-43d1-a471-6b5b1224ce44 9cc84b12-923f-4f32-9331-3b3bc14a8cc3 dfa17837-c5a4-48d9-9352-caafd16c4158 f74d4a99-4c88-4d24-9928-d7dc65adad9e de6c05ce-738b-4517-bb66-070a801b3f85 11bea224-f223-4703-b95e-daf03069ad1f 901c63c6-150d-4dfb-a54c-bffc0036a8ec 6e39890d-8f0c-4f68-b8dc-32ec9d56a816 b2f8862c-4441-4446-a5f2-2cbd121feb9c
1764438639610:staging-transaction-list --platform TRADING212 --limit 50
1764438646683:staging-transaction-list --platform TRADING212 --limit 75
1764438685459:staging-transaction-confirm-list --ids
1764438686755:staging-transaction-confirm-list --ids 922ed6dd-b148-4485-8b56-3ac764a969ad 189d1041-0ccf-4faf-b5b4-4ddcdd9a3fd2 128dd858-5d67-4555-bd79-6dd01af823ae 1a2e983b-e7e3-4195-86b3-1f38ffb35180 3993961c-8a26-46eb-bfc8-d77810468fa4 9147a02a-6b32-4f1d-8f96-86a68ab42be8 6abde690-f628-40a5-b9a6-1bdb1271a442 c0ceaf83-034b-4d34-a2df-b5d12faaeb0a 35589895-46ae-42cb-8ef2-13f1d1d7a005 8bcbd59d-a74f-4ff7-9e2a-783b9f1bfc24 9eac84ff-c4fb-4ce1-b82f-bb5484417463 73152e19-a573-405e-ab11-c8aed5ef9019 6e45fb03-c8d1-43fa-b87c-a4c640bf19b6 054336b1-8aaf-4b4d-8196-39e4f7191b3d e9143158-b151-4184-b458-88479586e434 57d90652-2f1f-4e15-a90c-20c6a162baf3 3ff90178-a441-40ae-9cc3-897077dae259 abedb2a9-68e3-414d-ac8d-4a9de8c72850 c8f6e97d-fd74-4260-98bc-fc168ad38f16 ea974ecd-a573-4c79-a186-b5143c1d643c a17c921d-c09c-45b4-abc4-5df36f16b30f 2dc97b46-2ed3-4ddf-ab4d-68aaa337a7de 2e76d256-fba9-49e6-866e-509d6550b980 08ceb356-a95b-4bb2-b91e-d4447c5c0898 5ae9cb38-41bf-4ade-ac9d-0593d05b8743 4d0b354c-c6c4-4f0e-a272-12ef81620dd8 4342d1f3-d037-4a62-b5b6-8f783433fe02 4af7ba48-9dc8-4f79-a277-a6094b34331e cce4da04-66d6-4997-ad8e-905e12a51720 e22ebee3-2324-4044-a8cd-331b121fabe8 39123ca2-5d83-4c05-887a-03c638d82117 302aef8f-82e0-43bb-bf3e-72bb0e68e593 467b51ba-6487-4701-92cb-5536c3dd41e3 ef8c2dce-039b-448c-8368-e24853bd0b82 bbc4f045-1e7a-444d-8d09-a78561fef688 532bc2d8-0b0e-4155-a89b-ea7fbd4b1d75 7fd1e1cd-d3d7-4c1c-8746-0ea2018c6cec 28052391-39a1-4aa3-857e-b256f59050c3 4c812a0e-659f-4b4f-97a1-bd90f20fdde8 c22f8ef3-0244-4e4a-8e54-7bd106442699 b071e6b2-0a11-4540-b6f9-699182cb9e81 46b21d56-ac47-431b-950b-056e13cad1c7 c94793e4-43e6-466d-a3e4-c71d28390117 a6d13cbd-e11e-43fe-bffd-e72d9db4091f cba80f10-ed56-48cf-8105-a9f90a9b2a76 c1a4e3b6-0be3-43f8-9469-dab69c7eab3d ca4de9ab-11ff-483e-ad42-2722a12b8fcc 1e32313b-7578-4726-9f9e-550fe849fac3 4398e2f7-9f7d-4aab-a22c-afe4ed3eb5a8 2cc33129-3711-45e8-9fb8-bcce6c696067 148a5359-c412-41f0-ae7c-5dd7d0edded2 729bde97-cbf7-49fe-9e06-f54c52f162b0 14b84e19-216a-422b-a0c4-6f8e3f774d02 75da7fc5-11a9-4d6a-a060-b5c6e2878c0f 27d3df2d-a524-486b-b0ba-b748e94fa152 82d3b89a-f527-42d5-ada5-08795e343126 37d7baac-0e22-496a-a925-ea881e44d784 cfcb3f9c-2af0-4292-a66e-86afafdce5d9 b6ab399e-f325-4c9a-b532-6b1a8a4bc818 bda8a0f4-a2eb-4ebf-a51b-90633874795c 6386edc5-c105-4057-97e3-ef36816e6785 240f8294-c7fc-436c-b9ae-c3572a4caf80 d3deb9eb-ac00-41ec-bb08-c173a17b0a28
1764438689470:staging-transaction-list --platform TRADING212 --limit 75
1764438732880:staging-transaction-confirm-list --ids
1764438734735:staging-transaction-confirm-list --ids 3962ddd6-297c-4bf3-853a-3f147f96f3f2 c5186773-cc56-4589-a7f0-2eff42c0e843 581ccd00-9555-46f9-aa42-bcc6e378d00e 995afd59-7523-4c48-a0d9-fca6df448a5f e3b3c920-27f7-4133-be60-11024025b7cd 7bde612d-e53c-4e69-bcf6-47ff43ae00dd 53926dbb-3b90-42ca-a033-c0a417590b28 9ea267c5-6b15-4a5b-aa0b-97a89007678a 308da1f6-12fd-4c67-ab17-041d041fa9d7 1a3f5083-0629-48b9-af3e-254bb868b468 3fa4c295-e9c5-4995-a943-0c9edef4d972 027bd8f1-00e7-44ba-8ff0-da01611fc41e 20d8b2aa-1f3b-4eae-ae23-ef1ef15afbfd 9db8cf53-9ac1-4c23-9428-e945af3ff2a2 8d42a24b-58f4-4fc9-93bf-a6f507db2b62 46eb58e0-ee65-485d-9ab2-24d8c1e28237 16c12400-36ce-46f0-86b0-16c4727017fe 3df5e7c1-9753-44f7-88e1-1dc85b88ca68 a97d5ae0-67e9-4e19-a06a-486ed26882dd 3d667373-f931-422f-a82c-8cd4de871d2a 527a5a51-20d5-461c-bdd8-d21b70b4479a 26eb176c-aadd-46e8-8baa-c74b0a0af0de 66a36ec2-4c99-48ea-bba4-d6d7ef20b570 0c7bbb48-815b-43eb-a133-dfe4858a196f e5950433-43b4-4d01-9687-ac1b0e42d977 8bd92907-983d-4008-83e2-e4a317ded67a 1f224e3b-9756-407a-930a-e7692ee1793c 4678abf9-a421-4f10-8aad-5bbbf0d69e8b 5e60f972-20a4-4817-b38a-162d81a74ac0 dba067b6-66e0-4684-a21d-7c33f4bb8ea5 dfc41d26-43a9-4f5e-a99c-8366193b2631 4e942e84-720b-496f-9274-2262695d47ef c429f788-c1c4-479f-9f59-91ab8522b23d 05bffafe-b44c-4cb7-b886-5ad8d8ab24f4 af9b6097-cc0a-46a5-a00c-2ce21b13437e b70a8b97-0585-4264-a185-988e83aa88d7 e665f5d6-db5c-45e0-8982-f48f3d4a9d05 4d35721c-1c8e-408b-a75b-f3fea782f8f2 f9e10235-e8f3-4671-8fff-e23f96c7d9ef cf849f49-95b8-4428-bbff-ee5004516707 c0d24d59-b761-4e7e-a274-c43ae0245253 34ed43e5-583c-4d29-bcd2-554086381308 2a7405f1-f81f-4967-ad56-4862b56f53a7 cc209841-ceaf-4caa-85bd-65870675d8fe 52d7c26b-02f3-4dd3-bf0b-4e3594e10fd6 3dc7c245-38bc-4e01-84c7-e44f0dda4b96 cd3189c9-9d37-4f88-93a3-dbf9a3050daf 92828f9e-7e0e-47e8-b26c-505d76b11b7f 594f3751-a75d-44c1-b8d2-8093ab6a18a4 fe6477ad-1dd4-4847-b184-d4c17c4a05df 653efdb7-f7b0-4f18-974f-25afdb98feb1 0e6d4bf6-5b92-41cc-8f3d-bf5d20183a7f 8c39d259-1ff0-40d4-929a-8669e5745171 570f22aa-bd7c-445f-9255-be48cc83f683 f9d3144c-343a-40be-b84a-72fd0ee486cf 0450a9a2-7d64-4fcb-9e37-414a9e64993e f8744a95-dece-48f2-b4ff-1bcf5dcaedfd 250c7fba-2188-4dd2-8730-62872653e45f 8b432f2a-cff4-4f8d-b04e-528649422946 c8d07b83-67e4-4e96-bfc6-daec54bb8c8a 6f31f157-8a7d-4e7b-9ae3-137e6232295e
1764438739812:staging-transaction-list --platform TRADING212 --limit 75
1764438790909:staging-transaction-confirm-list --ids
1764438792354:staging-transaction-confirm-list --ids 6a6a0bf6-7ae0-4c53-8b99-1df415274453 06357899-0a07-4762-b336-987e74fb7a79 58ac34c5-3bd3-4bea-9c64-4cf041bfe25f 572d6daa-9e55-4aed-b8b6-52826dd8b6c5 1c384285-c4bc-4d0e-9316-71328af9e394 306209e0-e019-4fe8-a5ce-68fb78bd19ea a63d52f1-9bb4-489a-924f-de32815232c6 2ce719e5-2f35-40ca-b7c5-64884f021bc5 7f60d731-04e2-48f4-a40d-056ac3daf749 a87ac077-13d6-4dd2-b9e8-93f95f40f2a1 d26cff43-85eb-432d-b261-910ec08eff57 0486de2f-3f2f-4c5d-acff-99beda618968 bf0f62bb-ea6b-400c-86c6-87c11a983222 b72c785c-2b78-4151-99fa-9cd57a0157f7 e8a0e591-8dfd-4d61-af19-ea4253393ebc 2ce25371-9c31-40df-bdbe-7040f758b634 464e9019-c351-4bcb-90a9-292fc1e66ae6 e1dd88da-c6f8-4567-bc64-0465ac45c198 2ab3ba64-4bf2-42b4-99e7-f04389013a4f 9ca464dd-6f6e-45e9-ae10-8f3dc551856f 92c0a661-3949-4cd0-a58b-5b0588be280b 836ba7a8-c249-459d-a66c-45b00db75952 d809ad8b-6f2d-430f-9c43-b2db51088b72 83f0f0c7-161d-4636-83c6-e44010f6ae33 a7a317dc-5a4a-4ab1-8c9c-7e6e53bca3ed e7ccea45-a1a6-4456-88a1-2f8222cfa414 8bf8627c-6a3a-4754-9432-02af9dbedb7d 70e1df59-a063-44ec-af11-1001c533498c 298144c2-eb75-45a6-974b-fdee797d819e 8376b1e0-5ca1-40de-8631-c7b39f4233af ba64bac5-87a0-4e8c-beb4-179303287e02 3062a40c-e71e-42e6-9842-dab8112682bb 77bc1352-340e-4de5-ad21-95c9631f6536 2049d00f-d46b-4d91-81d6-a93815c8abd0 9c70697a-e160-4254-ac22-f24bfff1ac57 feefa9e6-be77-4554-bea2-ee57ce44ce0c 415e5b9c-1cf0-4f91-9f92-0302e56e7f3e f2abaadd-86de-477b-a85a-fda1b4da234e 9bc8e851-6311-4714-9aac-8f728cc69b19 9cd85560-21a4-4690-810b-04d079fec5f4 db6910d7-e039-4c85-b1c9-213e767b553c ca7a2175-3560-4661-9a75-9750312e8586 daaab684-80a8-4c6a-a388-5a316ceb1226 d0c04e64-24ca-407e-8cd2-f27008fc9e84 58433ea3-41c1-4836-a757-c41fcfdc694d f5f4987d-ade1-4399-aaf9-597d500f88ac c78a39db-f274-4660-a089-a39c270491bf 39975bf7-da25-4b12-b36a-5b12ddcd3e86 b2c82dca-2198-44c6-bd93-d046d0b69a20 abd53d0e-ac27-47eb-8627-12d0db783d12 87d5656d-bee0-46b5-8ef7-854d9c53f240 a7b0af5f-8ae3-4113-a7aa-349db290a2c1 bed4f4ed-25d6-4583-85cc-76a411e54985 b2d7b305-e7f2-47fd-8a5f-797cba46cfc4 54ca4dff-258a-4800-8cdf-9a3459aaf9ed 5ed0afb7-d909-4436-b165-d6e2e37f4119 bc5e5753-eb99-41d9-88f9-3c3f8a00acc7 d016b512-5e74-48eb-abf5-2bb57744aeee d074cf45-70ea-4255-b856-6ac4d3b3b802 0e6356d4-68f0-45bf-b13c-746e8708ca60
1764438798682:staging-transaction-list --platform TRADING212 --limit 75
1764438840616:staging-transaction-confirm-list --ids
1764438841816:staging-transaction-confirm-list --ids 0144eaed-4739-4668-a1be-8921e68ebaaf c2b390ba-2661-431c-b292-52dd13c05728 a4e45227-7c7b-486b-b4c3-0eddb2d28aa9 0b1b55fa-3e3b-4bff-a981-58bc7c4384ea 2b86538f-f98e-47b4-b3e9-9649399ef324 8d5b42f0-dd43-4454-be1f-35f07f91e680 937342ff-9975-4f3e-81eb-493180f9de64 7e845cc8-f2b0-4b6e-9df8-fae65e20586b 4959695d-1e31-41a9-b614-f0670df1db74 7ac60d93-cd40-40b4-823a-1ed772af6cb3 3bb1d5ff-10cb-4093-875f-b76a4d6e9c4d 9a34b047-3067-49df-82d6-3fce0745d1f7 bb3cf6cb-b48c-4709-b8ce-88e406c7d631 cff11684-242c-4ed4-a164-39ff9b0ba547 90912786-a148-4547-9b70-134a592b3301 ee9dd667-b4b1-4d70-8414-3b048677a0b7 cb2d2c01-a055-4496-a58c-ab40dc357df0 3f51f252-b152-4ec8-a6e4-7bfcd8618b51 5d8a41fe-d53e-4283-b269-2a24ca8250fa d7be548d-46f3-450b-988f-7ae6cf3b70dd 91005c0b-68a9-40c5-9e72-204a35da97ee 92a437fd-cae7-4997-9093-ca92fcc5be2b 9c47ae39-02c5-4966-b683-6977fe149760 2d5d4293-0598-4e79-bb5e-1db1b54c917d 53ac03c8-d5a2-44e9-af01-c255a2618798 afa46334-a438-4a29-88b6-5b7b2e127243 efe70c8b-7c78-4816-9884-cc0e9fbcdfa8 d58bd461-a166-4756-8420-1d407ba0e1ab 0f7d55d3-4113-4979-a92f-42903acaa974 dfd73b47-0473-4c7b-be88-0a6e95249493 30ddb3ed-290d-4e24-83ac-b04f7211cf09 6b65b3c6-0ad0-4aeb-ba61-5d755c7f68ca 551ae45e-5fa7-45bd-8898-6b73820320ff 406a2fa7-bb91-4045-a937-1e2373dc01a7 7c3b4e38-095c-473c-a59a-42f67a485f52 70200dc7-c120-486b-80ee-0b0a79c9bc93 e890e841-a3f4-48e1-a591-7750b0705f23 168108b8-395a-4068-8c68-0d19ef6a28ce 9bc9068b-5963-4475-abc9-d9b2985c6b57 218bec80-c2ca-4476-b3a6-ee1ba9537365 4cc92c19-44c7-413f-a8b9-98a405d75376 0e717244-c4ba-4a79-a0be-b9f819689a91 f2bc0c33-bd9b-4efd-997c-d9d186110a65 98539bdb-ec93-4cb5-8c77-ba22fbd02d8b 1b02ec22-cc35-469d-9997-c038affcb924 40503696-be6c-46ab-a96a-413edbec69c5 e846b48e-9098-4751-8732-480bcb5ca6b4 7f1bb5d4-4af5-4231-9229-8293c6769bc1 b5c2ec6e-6f1b-4a32-93ea-704d8dfb899f d8110765-b91f-43b3-af92-1828d94be195 e8e184a3-1fe2-4d46-9eb5-715b516e4830 1d2f9126-e022-4fc6-8b4b-3a84665b4502 646befd8-8f06-4ae9-a431-52637a0131b7 5ff117c8-bdac-41e3-9686-0033435994c7 9bbcab53-ca6e-4df6-822a-a1f7600113f1 be609a4c-f211-4f94-9a3c-331c79d6a96f 4c88b074-64a3-435c-9abf-2f95ffb79710 375fc4f4-4ae2-4e34-8dd5-58552940a812 56afb1e0-5b34-4c7a-8896-52ed23f5f7a3 0606c688-f777-45fe-8924-e8cd5d664d23
1764438844027:staging-transaction-list --platform TRADING212 --limit 75
1764438896707:staging-transaction-confirm-list --ids
1764438897853:staging-transaction-confirm-list --ids 655b63ca-b6b4-40d0-bfae-1a89d37bb641 0779d66f-ffad-4c06-b01e-bceaf800a6bf aa51d084-cae2-40ea-bf4f-dbcf3a356d69 82ac860a-0d6e-4eb1-8c53-b4451a1b0777 73fbea3d-7d7c-40da-a00e-faaff566de0a b225486f-35f7-4e5e-93df-248bd1cf947f f115bec9-5e19-49f1-9ed9-2529564c47e2 5a0165ab-2a09-461f-88ec-b47f27b69d80 99a6198f-5768-433f-b2c2-aa11793e8bca fb4892fe-3064-4ee1-87a7-9926606053a2 0ba9b412-d5ef-4a3d-a7b4-e7684f6ddf21 49702a79-c4f3-489f-89dc-e1eb0d7ff295 5beb0da7-5dd5-4d61-bdaf-17156e264992 25d71714-1e32-4f69-a590-b86951dddf50 6705c9f9-8de3-4e18-92fe-6b5ecd1763c0 81cdf398-cd1a-4d8c-8628-6b5d23595092 1b8edc4c-8ad7-4ef5-93c5-1afa7be14451 b82ed746-ec78-49ea-a4f0-f9f73dbf45c8 fbd97e21-fd81-46a3-9c03-dad354a24b28 f1e30a16-5474-4040-b9d4-8f58c9413f3e f00f3c0e-b336-48f5-b056-5ff26a8487e1 1e41f521-9495-41fa-aa5a-29cb0176e606 e6d25384-6abd-433c-b0f4-810241a70fb2 efd80710-af2c-4b70-baa5-ac52e732c7da 1fb50832-7b0f-4a9e-81db-3d299bff12e1 94f8a4d7-fb1c-470b-9c8f-6fe699486681 8fd93322-ff9b-44a7-97bf-c629dcc3da30 3d79afb1-15c9-401a-a3b7-06424cb5c14b f5c687cf-8e4f-4998-9f87-5b6ac52ddebd e7a70b8f-a825-40d2-8b52-ad1ff57f6821 e4fd4246-e51b-49c4-a7b2-06ab8826c8ad 872296f9-0cf2-498a-a567-4bb91101b7c7 9bbf08be-718f-465e-8310-7414604a4e09 798add45-303d-4623-bc08-f0787fde9487 cfea893c-c3ea-450a-8988-c8b3370c578b a74ce61b-3e5b-45ad-a3fe-d9ce0cb9ca01 878ff352-063c-4e9e-8268-0c2d606952c3 061abbf4-3df0-4e81-a8a3-cadaaef9d6fe 33205503-7293-4762-aa6a-bd6f3d05e241 563119b3-1fbe-48c7-82f7-dd5e72e3ef7a 191da99d-6f00-4d14-9a98-9601124ff0c9 b7d2cec0-89c6-4acb-9a3a-6c0fe8190aef 5396a4cc-3009-4541-bdce-06ba23e33697 6293b970-377d-42e4-93d6-b170aab899e5 93b1e035-d08b-4818-98d3-46ea6f7031b0 909637d7-b8e0-41fb-bf02-b3caf7cf6995 1fc7df41-6d00-4a7a-bda4-3594cbbe7f98 7ce6678f-9b53-4f2c-b037-12af98d5a4b7 94354e4f-554c-49b8-8aa2-30e6d3bf181c 5141e7c7-63ab-4c6a-8677-0d458bcae41e fee908ce-1ecb-4b9e-80f5-b01301148060 68844aa4-0ef5-4f79-93a8-66fe0c8d4d65 61849039-8c38-4da6-9952-442f614bb99e aa2da7ec-4ebe-4b0f-a0b5-cdda4c3dc125 df41a7a1-8899-42ed-8229-c3501e1b2a1a b58d813c-3fb1-49c0-ad88-13d92a280d89 7b8d10c8-a36c-42fc-b594-b9e23242dee4 62544f17-207f-408e-ac02-2b7d169b5b16
1764438899833:staging-transaction-list --platform TRADING212 --limit 75
1764438926725:staging-transaction-confirm-list --ids
1764438928145:staging-transaction-confirm-list --ids 9ab8eb5e-f4f8-4785-b577-e8b1f2c66773 dafc2e06-0b9d-44cf-972a-bd7b6747be77 7dbc2e66-820c-453b-93cd-4c335693c5c1 4e8a19d6-4297-464f-9909-a3f9a0bc60c1 a125005d-81a6-4fd2-971d-dd103cd9fc18 fe3dc5d6-2488-4183-9dfd-a9227973281e 5a9c112d-ab00-4272-afcc-5a3e370dc38e eb6a090e-859c-4a55-86a8-cbdc9bb3dcd2 b3e7bde7-65d1-49db-9a83-87752f581d86 03215a3a-03e8-448f-b782-46e126367f02 b05523f0-bbb9-4091-8486-12d4cf34a30e abd1e8de-9770-429e-b8f2-65de23f76cc8 606b38ab-3495-4e6c-8f91-33d90c7ba9b6 964127f9-6ba6-4383-ad3b-948d3d6b9afe 0d90215a-62ed-441b-b64d-f8c32ec04ae8 c0ffb216-31a1-4db0-bb93-83f96081f8c6 c7ffe3d2-bd76-4878-a141-fc95cb8aa224 db4caafe-bd3b-451e-b711-bf9b2d0198b3 5a80a97e-668a-4ea7-bb3c-625e41f0e4c6 0fd32889-4c77-41d0-b451-17513ea52b15 a68da863-a459-4841-b7e2-3163311131c7 8bd593ad-e4a1-4674-8e0c-9cd09a772964 a8427dfe-4131-4eac-a0ae-2d3bcd1de7d8 78ad736b-bca6-4c45-a0f8-76f45b78e374 8c8ea231-bb2e-4401-8589-2b7afc993b27 576305ca-a99a-48e2-b371-b7466d56077f 86e6a8e8-0e98-40cb-8ac8-482230bb15c7 766470bc-408a-47dc-85f3-13fc67c320da ae8221ab-8b5e-4720-a575-05816f6bf7cd 72d380f2-1f25-4437-bf9a-1b9a7d16ee7d f13c615e-4476-4da2-9477-6a725245f513 25c76eec-e26e-44b8-afa7-3fab50f65f33 ff335a90-07f0-4e70-966e-aa6d9268cd69 56125abe-9892-4dd0-bf02-4e4e018cf1b3
1764438931977:staging-transaction-list --platform TRADING212 --limit 75
1764441581882:staging-transaction-review --id 36458e8c-1bc3-45e7-98b4-39f6972074e8
1764441595138:asset-filter --symbol AIR
1764441618063:staging-transaction-assign-asset df295f45-2d9a-4bd1-98fd-a43df868f7d7
1764441628381:staging-transaction-confirm
1764441636104:staging-transaction-list --platform TRADING212
1764441685036:staging-transaction-review --id 4270225f-53a6-4955-896a-222583dc1b64
1764441729776:staging-transaction-assign-asset --assetId df295f45-2d9a-4bd1-98fd-a43df868f7d7
1764441738313:staging-transaction-confirm
1764441742013:staging-transaction-list --platform TRADING212
1764441798740:staging-transaction-confirm-list --ids b40036bc-6467-41d4-bc53-c72cbe5c22a6 354f5a59-d39b-4fff-80ac-b62e71e79448
1764441800706:staging-transaction-list --platform TRADING212
1764441838733:staging-transaction-confirm-list --ids 7e1cf1b6-65fb-4eda-8250-5adf7066abd0 2025-04-29T07:04:48Z           BUY        AIR      AIR.PA EUR @EPA           PENDING\n9631d676-cf5c-4895-947e-3833f5cfd92f 2025-05-14T09:37Z              BUY        AIR      AIR.PA EUR @EPA           PENDING\nc29ae679-5f45-4faf-ab08-d86010264d4f 2025-06-11T14:34:04Z           BUY        AIR      AIR.PA EUR @EPA           PENDING\n2b6cd22c-544d-4b21-b30e-c3e6d5e26327 5ef72506-cd41-4fa6-8689-99ba9bdc65ee 9164ea11-8ecb-4faf-968f-983e6500b37c 469bfac9-1476-456b-950e-01043fce78f5 0d059f6e-5fc9-4f85-bf4d-ac78914a600c f0765307-971f-45a7-864f-6f07948d5c37
1764441922479:staging-transaction-list --platform TRADING212
1764441946998:staging-transaction-confirm-list --ids 7e1cf1b6-65fb-4eda-8250-5adf7066abd0 9631d676-cf5c-4895-947e-3833f5cfd92f c29ae679-5f45-4faf-ab08-d86010264d4f 2b6cd22c-544d-4b21-b30e-c3e6d5e26327 5ef72506-cd41-4fa6-8689-99ba9bdc65ee 9164ea11-8ecb-4faf-968f-983e6500b37c 469bfac9-1476-456b-950e-01043fce78f5 0d059f6e-5fc9-4f85-bf4d-ac78914a600c f0765307-971f-45a7-864f-6f07948d5c37
1764441949085:staging-transaction-list --platform TRADING212
1764441987629:staging-transaction-review --id 85fa0584-ab50-4bf4-9dee-d6d1fdc196c8
1764441994545:asset-filter --symbol AIR
1764442011854:staging-transaction-assign-asset --assetId df295f45-2d9a-4bd1-98fd-a43df868f7d7
1764442018605:staging-transaction-confirm
1764442025376:staging-transaction-list --platform TRADING212
1764442048774:staging-transaction-review --id 55cdac6a-55c9-4960-abfd-d6ace7fc0e62
1764442051333:staging-transaction-assign-asset --assetId df295f45-2d9a-4bd1-98fd-a43df868f7d7
1764442058419:staging-transaction-confirm
1764442061565:staging-transaction-list --platform TRADING212
1764442078867:staging-transaction-confirm-list --ids 9b65bf15-ffe0-4ba8-9f6b-a7b6d967b25a 244c15c6-6992-4983-a093-e28dc4368ad2
1764442080212:staging-transaction-list --platform TRADING212
1764442104592:copy
1764442430613:exit
1764450387743:staging-transaction-list --platform ETORO
1764450405952:staging-transaction-confirm-list --ids 32e562dc-2de6-4573-96b5-2e8d4df812c3
1764450418785:staging-transaction-confirm-list --ids 64975eb5-0d3d-46d1-be83-be6dbe2dbd74
1764450423409:copy
1764450496365:staging-transaction-list --platform ETORO
1764450534137:staging-transaction-confirm-list --ids
1764450536564:staging-transaction-confirm-list --ids 347b5b8a-fa01-4437-89de-acc75f3807f1 ef554067-a2b0-4ae7-8cbf-9f95c33b71bd e78aabfc-6684-447c-8c0e-fc86200da6b5 b120dbf9-98a1-4b6a-84a3-67436c4ffb77 66a44e63-4f27-47a1-9620-144c9d95412a 43acd583-be9b-44b6-81cb-564218b30943 211ea15b-5d99-42ca-8147-c63420aaaa9b 78f9d5c0-58ed-43f7-9424-a2b0f8f943c0 4d4d37e2-d3fb-4953-8b88-520ed2b123e7 a1d93f62-af29-4766-9f81-01c8a03acb75 2defe61a-771e-4667-b971-6d3f3707a4c6 91f185dc-a61e-4cad-a651-c5b8be1b23d8 7323802c-1a1b-4f24-82f3-213d52812195 2d36a179-1818-4180-8200-250379d55e6d 5b50bac7-0871-4d0c-82d4-37ace21061df 7292a789-1f81-44d2-a6de-be36efdf99a7 4b9bf76c-aa0b-4702-a491-704233dd24e7 55b523f0-73ab-4b18-bf5e-c4ea936fdf33 b4c9243e-30fa-4c05-8ef7-1e656ec75bd6 c3e1a604-5b8d-46b1-a75c-5b6176c86c20 9ba6af35-b156-4a22-b951-925a5fd6798b bef98c55-293d-4f49-8978-c097b1ec0eda 1deb5fa7-5273-4d27-930b-abd1a64f2a07 665de63c-7005-4bbc-af5f-9cffc6a9e4d9 d5778878-46c4-4037-b996-962b15619b74
1764450539794:staging-transaction-list --platform ETORO
1764450546264:copy
1764450550513:stacktrace
1764451094660:import --platform ETORO --path "/mnt/c/Users/nenad/OneDrive/Documents/portfolio/etoro/2025.xlsx"
1764451109390:staging-transaction-list --platform ETORO
1764451117554:staging-transaction-list --platform ETORO --limit 50
1764451263160:8f8df983-3414-46d6-b0b4-4521b17155a7 f340284f-673f-4c51-aa68-b72970bb38ae 6eb965f7-e36b-420d-85fd-477ec5f5053c 3469ec65-f60c-47e3-a5d4-453ae6ecda92 03391d30-a69b-451f-b93b-f169bf565eff 88e91c50-47f8-4e13-a6d7-524f8d40c8d3 c79f70b9-b190-469a-92fd-83afa8d1d930 e9043652-45cc-4354-9f3b-75ad5eef25f8 65fedb62-2450-4ebc-b426-fbe5eb5a3c78 2a338456-ecbe-4a51-b966-a1520b582c59 f8319329-f745-4dc4-898a-eb780ae643f8 5c850030-e1ed-4982-8d05-ad72e322140e af2de373-d9bd-430d-b9e1-f24b4a565da0 33efaad1-e011-47ad-a4c2-1051626bd427 2696ec2b-436c-4e97-b363-8e6d7997c38e 1eff8525-5791-4292-b091-13f00cd85dbd a3213a9f-71e2-4624-98af-d1519abbddc5 f5758366-515b-4beb-ad9e-7c2c775d8189 f5bf57db-9d88-476d-bbb3-e1a6d6b7905d 7a9f8a04-c108-419b-8943-1fcd5249e7c6 843b7bab-1a73-4a5b-a590-14b183419496 5e763127-b4b4-4f52-b074-f79f4709dadd f3375eab-f1f3-4ed6-90e4-a1c030fa4175 24352804-9175-41e9-a58b-9ae6e0ea4ab8 90f096f7-d28d-4f08-8683-366bda954cc1 63238345-964f-4503-bb96-ccf63600cea4 67813e95-be64-4a71-a287-3a29ea88059f 89bb84c7-81d5-454a-b3f6-b4d416eda653 27c26e4e-c0e8-46b3-a0be-4f21b66c4f97 a0fd496b-81fa-4371-bb5e-1c204a3d5dae 7cc38d13-7900-405c-ac20-3264ce9a8603 e46fb7ed-42b6-48e7-8e16-5797b73a6153 54391056-5a47-43e0-932a-650cf8bf554c 760acc6e-3bfb-4a76-989f-4a25fb5a4314 0ca5bc00-a6b7-4f69-a35b-c5cb338dff82 b2f3dfbe-6791-4f7e-af3c-d1a861fdcc50 d72aaad4-8854-454e-99ef-63ba2b811531 0d3a15cb-52fe-42ec-ac3f-e2e54f03cf3e b7094b31-0849-43be-824b-5a9e60b27402 ee1a2e3a-994c-4a0f-813f-fa8e5383f4dc 039e9c1d-51b4-4952-a70c-12df953b8fe9 3f7b0d5c-abe0-4c10-8dd4-3d7d11d48eb0 de6a09e8-0a37-4268-b573-12536d4d9ea8 6df92f81-ec61-42d3-9c7b-d41c5fb5d563 17132fe0-f249-441d-bf84-0f7a4464144c 1064c177-c118-4825-afe3-e07537cd9019 5176f1af-d8da-476a-ae49-36bafce7c428 6aea2537-8abf-4525-bc46-5db15515f9b6 7716f9e7-3d55-4350-acbb-58a84760141f 9d647e7c-2f7d-41f7-937d-a66fcdfd45e8
1764451278398:staging-transaction-confirm-list --ids 8f8df983-3414-46d6-b0b4-4521b17155a7 f340284f-673f-4c51-aa68-b72970bb38ae 6eb965f7-e36b-420d-85fd-477ec5f5053c 3469ec65-f60c-47e3-a5d4-453ae6ecda92 03391d30-a69b-451f-b93b-f169bf565eff 88e91c50-47f8-4e13-a6d7-524f8d40c8d3 c79f70b9-b190-469a-92fd-83afa8d1d930 e9043652-45cc-4354-9f3b-75ad5eef25f8 65fedb62-2450-4ebc-b426-fbe5eb5a3c78 2a338456-ecbe-4a51-b966-a1520b582c59 f8319329-f745-4dc4-898a-eb780ae643f8 5c850030-e1ed-4982-8d05-ad72e322140e af2de373-d9bd-430d-b9e1-f24b4a565da0 33efaad1-e011-47ad-a4c2-1051626bd427 2696ec2b-436c-4e97-b363-8e6d7997c38e 1eff8525-5791-4292-b091-13f00cd85dbd a3213a9f-71e2-4624-98af-d1519abbddc5 f5758366-515b-4beb-ad9e-7c2c775d8189 f5bf57db-9d88-476d-bbb3-e1a6d6b7905d 7a9f8a04-c108-419b-8943-1fcd5249e7c6 843b7bab-1a73-4a5b-a590-14b183419496 5e763127-b4b4-4f52-b074-f79f4709dadd f3375eab-f1f3-4ed6-90e4-a1c030fa4175 24352804-9175-41e9-a58b-9ae6e0ea4ab8 90f096f7-d28d-4f08-8683-366bda954cc1 63238345-964f-4503-bb96-ccf63600cea4 67813e95-be64-4a71-a287-3a29ea88059f 89bb84c7-81d5-454a-b3f6-b4d416eda653 27c26e4e-c0e8-46b3-a0be-4f21b66c4f97 a0fd496b-81fa-4371-bb5e-1c204a3d5dae 7cc38d13-7900-405c-ac20-3264ce9a8603 e46fb7ed-42b6-48e7-8e16-5797b73a6153 54391056-5a47-43e0-932a-650cf8bf554c 760acc6e-3bfb-4a76-989f-4a25fb5a4314 0ca5bc00-a6b7-4f69-a35b-c5cb338dff82 b2f3dfbe-6791-4f7e-af3c-d1a861fdcc50 d72aaad4-8854-454e-99ef-63ba2b811531 0d3a15cb-52fe-42ec-ac3f-e2e54f03cf3e b7094b31-0849-43be-824b-5a9e60b27402 ee1a2e3a-994c-4a0f-813f-fa8e5383f4dc 039e9c1d-51b4-4952-a70c-12df953b8fe9 3f7b0d5c-abe0-4c10-8dd4-3d7d11d48eb0 de6a09e8-0a37-4268-b573-12536d4d9ea8 6df92f81-ec61-42d3-9c7b-d41c5fb5d563 17132fe0-f249-441d-bf84-0f7a4464144c 1064c177-c118-4825-afe3-e07537cd9019 5176f1af-d8da-476a-ae49-36bafce7c428 6aea2537-8abf-4525-bc46-5db15515f9b6 7716f9e7-3d55-4350-acbb-58a84760141f 9d647e7c-2f7d-41f7-937d-a66fcdfd45e8
1764451281758:staging-transaction-list --platform ETORO --limit 50
1764451316589:staging-transaction-confirm-list --ids b0c87ac6-31fc-4356-bedb-99d0b0e2985c 3e7cb5ee-fdc9-4977-9c11-94fe8c3c3a6f 37084063-d205-48a4-a7dc-46034b8c76d8 3dfe65d0-882b-4c4a-bd95-a32f1ad5c65b a4214019-3af5-491d-8351-fcdcf35916f3 0eac625e-a883-4880-9243-40ecd2a8aacf 3f33918f-b77c-42f4-b1ac-8b5c06dea023 72e1f9d8-0896-485d-9e84-7cf904ec94dd 53059bb5-d2b3-4c3f-9dae-98c8dd38ebd3 b37e4a19-e05b-4226-bcec-531f430935ff 796c9639-607a-42a9-b4cf-17dfe6c93642 d1b8d63b-2238-4794-adcc-ec384a0719de bbd6a5b4-9567-431a-a8ca-3e46ed92677b ffd0618b-8337-4695-a1dc-c3fcb14898fe 17044af6-a41f-4d67-9b3f-7394a281c03e a8ab2a22-a574-4341-96be-10feb5bce381 22c26d1e-59e0-4bb6-b245-08851693e1f6 21375ba4-f2fb-4353-b50c-2a903d8411ef 952281dc-d0e8-42c3-8b3e-e1b8c77344b3 131ada0e-abbf-4dc3-8869-6e41f8e9f315 8cb7e94a-3f35-4871-a49f-de68a8ae1204 49112085-cbf8-40d4-aad5-6cf0807327ad c2e2b3f3-12eb-463c-a859-221c6b02606f 2d96221a-1134-452e-8afe-54c133da115a 1ac269c0-bf52-4390-9956-bdc0c340e989 17eaab20-3ac0-4086-aed4-9346ce9c64d0 3a9987cd-e5b3-40f4-af97-388b80d5bbf8 cf8e871d-6f20-48b4-85a6-0da362bf8c03 e8432936-fa62-43c6-ac58-8a10be455f81 f7634c35-9d73-419b-8ddc-51c3c3110bfb a51ace75-fb09-42fd-b039-aeccbf666e0e 07534f7a-a88a-41a2-b4ae-19c5e66a4f75 abacef8b-fcfb-49b8-a33c-0c8da5f126f1 84b73bce-9dbc-42b4-8acb-a6aa0ad75103 31e7ba3e-65de-4c9c-b1b6-e85ef5972f8f 9e1a37c1-caaa-4ba2-839b-ef0ed3560fcf 23c72f5b-ad7c-4a03-a5b5-e64ca715aabd f82a524c-3fba-475b-9f1f-4b481110e675 5e83025d-eab9-4576-8cdb-41c68fd07eb0 b1bb51fd-8133-40a1-a623-a095fff97d11 4c3d62cc-3e95-4129-870f-9bd68163fbb7 9256b447-55f5-407f-9fea-26a622081b8e 89097f2b-0ec4-413b-8177-320ac322af9e 779b424b-1fcd-4797-9fce-a1604c199e95 cad6481c-6399-4dd0-a38c-ba9a5ccca45b a75b3d00-acb9-4094-bb9a-ef0e7f61df06 1156e007-4e44-4122-bb9c-44d72fe19a82 26987efc-9cc4-458e-9ae3-55c527f526f2 8aef0495-49b3-445a-a8c1-198736685e1b e1e8db51-1605-47e8-9e78-27d455b091b2
1764451321111:staging-transaction-list --platform ETORO --limit 100
1764451361103:staging-transaction-confirm-list --ids cb6e0a1e-8c2d-424d-a938-61b5e2a4eb3a f84d25cc-da49-4eed-af0a-b4e7e868b6e1 8d7e33f4-584c-4e24-aa95-871bf431f468 272d2784-a160-4c77-b5d6-f22f2f865319 c57da4fb-3a36-4e1a-8876-11158c6253e9 97b54860-65bb-4a98-a8d1-ee51f3b50a39 de6ce347-ed46-4180-bf43-98e73deac237 6c484191-82a8-44bb-ac3e-260a809c8bc9 f207d50f-a2d0-42d1-8e43-fe282da89f96 cfb5a362-a906-4f95-9aaf-c705dd054fe1 7a30ecdd-e1e7-4b4e-a0dd-51bcbe21d9df 9c6148fa-0e4c-4718-9e56-12e3ff1e16b4 7a7ca05e-a279-45e6-9f3c-211be1e341c5 cabce9b3-f5de-4141-806a-39fb6b96bf38 fe660fc3-9404-4faa-87f7-fba32ddd2a96 978d79ab-3035-4554-81be-f50f22b0494b da82524f-d009-4bf7-ad90-0cef4fbde1d5 2b8d0c4c-7fcf-4357-ba18-196a87c07863 00eaf7ea-d793-4b6a-adbb-6df1939d86cd 92ba35c2-b11f-44a5-9393-dd0b4f62ef10 4407198f-cfce-4e79-9517-79372e3d5782 43fe9f0e-2de9-401f-b4ce-3319cb2abda4 e97319da-360b-4221-bd8e-b7498ea3b30e 09301c11-08ae-40a0-8cdb-265a9b7e9a31 ea245d43-dfdb-4431-8452-e69c1552b081 4ce85c23-81eb-4521-9540-37b6353d9ba0 8f8dae39-fce7-4ec3-aa14-a4464e35688c 8b4a9611-04a6-47dc-aafe-76dfaf5b3340 675883b0-a7a8-4c34-a939-0e248e993339 dda9d0d8-7159-49e5-bdc0-fd8355379ff3 9c3b8807-3140-4ebf-ad4f-e5fe84331825 20e14990-d786-4f24-b788-652a982288c7 ed1b9919-9804-4f80-a6c1-0da6d12a7614 42d83e1c-2f86-4005-b058-f4f532bcce8b 38a1748c-6f73-453c-9bfa-ad54ae7bdc85 50f5db6b-0962-4f18-ae3d-962016ca0969 7536634d-1956-43c3-be4e-1c7f812d0739 1b96161c-88f4-4da9-a085-939313a5f7d6 37646fcd-95fb-4ec2-9056-8875db4b1ed8 6042ff12-7d74-4d32-a3cd-1ad11903ef42 b4b90220-d056-42a1-a9bb-a04c0fa2c6d2 858893cb-3d68-4813-b5ee-a34647c0fcf7 0054e4cb-1746-4f4e-9c9e-014288c5bea1 822d508e-8d07-48ed-b351-a37a0b6da267 cae08b00-29a8-4b9a-afce-14951ffb279c 1996d60f-4c89-494a-a051-f68d48ca388d 9b5c7c3e-6c89-440f-bb75-947a442e78ea 8332fe59-8092-4d0a-b58c-1ecf965fdab7 1d8b55d3-72fc-4cb6-8182-9944e6e76112 cfc1df81-5cdb-4f2a-bc1a-a12bdaaec0c8 1bf2dc05-ec47-43b2-9f35-3dd244b890d3
1764451363375:staging-transaction-list --platform ETORO --limit 100
1764451367027:copy
1764488102781:import --platform REVOLUT --path "/mnt/c/Users/nenad/OneDrive/Documents/portfolio/revolut/2024.csv"
1764488114589:staging-transaction-list --platform REVOLUT
1764488142990:staging-transaction-confirm-list 893f2c66-7aae-4420-acfa-f8ca9fdaa7e5 e81baed3-ec2f-4464-83c2-12465a4d75e4 09bf95bd-e64c-4549-89db-7e9128b4b292 b1422581-28ef-4a51-a79e-104c8fa06dad 24189c4d-569b-48c7-a1bb-82c9a62498e7 cbd8fa49-f300-44c1-a474-862f2443ba82 3c9e11e6-2c1a-48c9-a867-c6b07e7c2b5e
1764488145690:copy
1764488198561:import --platform REVOLUT --path "/mnt/c/Users/nenad/OneDrive/Documents/portfolio/revolut/2025.csv"
1764488207256:staging-transaction-list --platform REVOLUT
1764488242203:staging-transaction-confirm-list --ids e4619ed0-8d34-4cc9-8634-d2d7a6e2bbc0 7cd3da9a-943c-427b-a4d2-8b253def7bcd 3b999b3a-8c67-4fce-83a3-091f817a0674 5a209063-864d-4243-aece-4111117c081e dd54e27f-0cba-4afc-9812-a960e489e9fe 84a3600f-9549-4d86-bdfc-f12d968de1d7 1c9ef3d9-09e2-4a94-86d7-0648d8607dcb 7ffc3657-b1a8-465e-ac87-e03c6b601eb4 df26ee7c-bf82-4e12-b954-d40f2977946a 44e05f47-3f48-47f0-a1a1-46ffa6bfd313 7326d761-96af-448e-a985-04bead4488b4 5ab73600-621b-4bf5-a533-05758eada491 933563eb-d3a7-4dc2-8346-3dcec91a519f e81eb40c-d3a5-439d-9dc6-c4348a031406 6cc05dea-6cc0-4508-a272-d2cb95676c11 b5489939-8e27-4f63-afaf-ac90b845c541
1764488248406:staging-transaction-list --platform REVOLUT
1764488259453:copy
1764488393882:clear
1764488404454:import --platform IBKR --path "/mnt/c/Users/nenad/OneDrive/Documents/portfolio/ibkr/2025.csv"
1764488416807:staging-transaction-list --platform IBKR
1764488425964:staging-transaction-list --platform IBKR --limit 100
1764488431900:staging-transaction-list --platform IBKR --limit 50
1764488436683:staging-transaction-list --platform IBKR --limit 25
1764488440333:clear
1764488442317:staging-transaction-list --platform IBKR --limit 25
1764488477381:staging-transaction-confirm-list --ids
1764488480667:staging-transaction-confirm-list --ids 098d9769-ffb2-4655-9233-0b1dda4eca70 f54a4329-b886-4710-acf2-2cecad82d2ae 08627485-7b3e-4a66-b7d8-26395f2df9ac 168e9853-ae5d-4f49-ad88-dfc9e4d4cecc 2db6a2b7-49fd-429d-a14b-d38e2dc484dc f64e5761-680e-4f8c-b339-1c6bea88043f 34b2b332-6ac3-4ba1-bed1-fb5362240f4c ebcfc0ef-0dfd-4b5b-bbf8-c90f229102f6 009f20b9-eaaf-495e-8120-b177312e8e31 9543fd08-a1f4-4bc0-b27c-8db67914001d 53e945ff-ac08-45cf-ae1b-2090af4c85eb 7678b86e-1420-4190-8c46-9c46878efcaa 3dde2217-b683-48d8-bbbc-11271eb1676c e31dac5d-5b39-46b1-8e90-447499903fac 0b0b0888-e745-461e-8bc3-bc84e68e46e1 2f724c15-7c37-432e-ad37-9b235b41bbad 98ac7dae-1f3b-44da-9f27-b40d27447776 117900ad-cb56-4590-b7bd-27188a84c43c e3d4e71b-d7be-4eeb-8ed5-847db6b1bed0 60ba7a01-e406-4530-917a-d2ec190c8580 4f54e71e-58c5-4168-bda1-d4e3d1cc702c 9dbbd6b3-371f-43d7-bf3d-dcb00e0d6a92 4838c4f4-720f-4d5d-8e61-ee242ecfa5e9 1f6e438e-e43b-414d-bac1-f41191b311f4 5780077a-03ea-4593-823c-b2d01d1b0a81
1764488495927:staging-transaction-list --platform IBKR --limit 25
1764488521528:staging-transaction-confirm-list --ids
1764488524168:staging-transaction-confirm-list --ids 00e90c30-b2b3-4ab3-a536-22ff3482c6b2 6c95deea-5795-42fd-aa18-550142d2c71f 6eb47e2f-b660-4560-ae98-c4b6a2c4e6b0 14cc9f95-6957-4a49-b40d-98b988256f48 7dc7f690-4e65-4423-9908-a25b45c5f3ec 1666eac9-44c4-4188-9936-43f94cfd19b7 a058f7f8-25af-4ab0-a9fc-326919573dce 4f87d8bd-ccb4-4324-b757-a967d12ec04c 3ab43905-72fa-4953-aa14-1f3f67435168 8862cc0e-0705-4318-8e27-6ec1d9b9da3f 2444194d-fc2d-4c30-b1cb-88e312e11f53 73d29cc2-d507-4ad7-bbfd-dd947e86ff5b d20e6fda-203c-47a0-bf2b-f0b3dc5b078d f065c06a-3469-438d-b8ea-12686bd71f61 abfaa6e4-e60c-4a56-b2c2-c3b3fcf8c727 7bd0dc64-ef29-4711-ab4c-7e5652c31e58 49d1810e-f833-4cff-970e-b53b61980d3d c9bff65a-0ed6-4946-bab0-782dcc13d5d1 1cd85319-e7aa-4c6b-a5a9-0925d050f63a b0ae9b96-f47b-4382-91db-4598e2b4769e df307269-75f6-4fea-813f-81fb673e357d 5fa5b4ce-5bbd-4223-8923-7007e0766ec0 ff8cf056-e76f-4f19-9c0e-e0e7fbace9ee 755aef20-30c8-478e-b93f-e918bda22ad1 b932e765-2b4d-4670-8035-135d2f0aeb6a
1764488526737:staging-transaction-list --platform IBKR --limit 25
1764488563060:staging-transaction-confirm-list --ids a5b9c2f4-4f66-41a4-a2d7-b3872fd6324c ffc5677f-fc6f-4bd8-bcc3-6699931fadbc 70d9a49e-ee3f-460b-bf5d-9881185eb6f3 cb5b320d-6350-4f83-a37e-9c1d4b1efb70 46ce2ea6-265b-49f8-ba46-f5014c74b372 3a64663b-0fa1-4576-9d46-42853e2c756e cf1a9d07-86bd-4222-ab87-63fb525a4e55 0e1268d0-e6e5-4bac-a227-aa0409d9bc4b 8c356da8-5c6f-4bb0-bafc-6bffef037ebc 6dd4fb2d-b7a1-444e-92e8-62980ddebf20 228dda1c-5b89-4b0e-b8e9-d9d9bc59e478 3e3c507f-fec4-45e4-b2e2-98a1a0acc8d6 5b1faec3-c35f-4389-9d15-b5053f67f5ab ed59c8de-40b7-44e9-a6cf-7b83c2a54157 eec66775-b23b-452d-b844-1cfa83bc4ba7 9e11f40c-93b6-4b6c-b851-23565732349a 2adc0105-364a-4af6-b67f-cf0917b1df95 2b4a1a99-bd7e-4eec-8ba0-b945a0f7a8f3 ac37ce4c-d0af-4ae3-80ff-a3cd0d5dcc31 fa1f2070-6c53-4dc7-8b65-bfebcf7388d8 f249b291-b151-4ed9-8080-e34b422597ca eb1baaf0-f4a8-4c7f-bbae-f1341d58cb77 221baed7-4f3a-4335-a352-6a9147162e9b b4358dfc-863f-4605-b5c4-65073a698966 c4e19938-72d2-4f8d-a44f-bb14322c6982
1764488566575:staging-transaction-list --platform IBKR --limit 25
1764488592581:staging-transaction-confirm-list --ids
1764488594214:staging-transaction-confirm-list --ids 398299eb-b3c5-4260-9a6d-185a6e0456a4 05baf4bc-57f1-4b32-80d3-724e1442cf8f a4bf7c1d-de43-4ea4-a70c-27a39c2c81d6 648d52ff-f0ae-4c70-8272-a087bbfda8ee 3b8b1ae5-b80d-4d50-9ba3-93d7bc265c91 2d995738-a81d-41ea-8348-d68fb62011d2 3b96152e-d98e-4cca-9845-cdea27a2c4db bebcfad1-2d1a-46c1-9239-ecdb2752bd6d f40e1459-b125-4d71-b19b-ea59eb5408ac 701b3ad7-277f-42a2-bbf9-efdf93dc1b1c 01ed894b-445e-4b6a-a2f0-d9c36aec190a 06cdba22-9cf0-49f1-97b5-95ae79f1f6c5 1f234269-581d-4d11-9005-e03bbd6b71e1 a2691420-920c-447b-9915-227f96e117a7 cec4e3b3-7362-49f2-b17a-5b999ebe33fe d994908e-10cf-4b8c-bcc9-a121578d7b1d 253c3c46-f481-4c9a-9093-bd9da3f8947f 9a3756c3-4c3f-47b7-b623-33519a728a3f 36771bdd-3351-4b87-8b17-10513b6c0fa5 b7fb074b-0276-4737-8932-f6c7318bd82b
1764488597922:staging-transaction-list --platform IBKR --limit 25
1764488602056:copy
1764488907165:exit
1764489797018:import --platform ETORO --path "/mnt/c/Users/nenad/OneDrive/Documents/portfolio/etoro/2025.xlsx"
1764489812177:staging-transaction-list --platform ETORO
1764489935768:staging-transaction-confirm-list --ids 7f89bc74-ea37-4eb8-af2f-fd334ac91d54 c006a40d-10d0-48dd-8958-77cc6830b14c 2be3939f-9b8f-485f-a492-f6c1beae3215 7a76bc00-c016-4d90-9446-a8ff1d2680e4 d653f844-a4fb-47e6-b601-c688fdb75758 9f9f4fdc-b451-44b8-9b5e-3a8d9be8cfd1 50ac323d-e89d-4edb-bddf-18c2a0c8b871 34c116b6-5233-456f-9f3c-3f1ae770acd0 c7fccf63-4159-4efb-ac06-cadad0d431d2 9e3bd9b1-5b43-45f2-bf9a-fae90d9f249b 7a452596-11d1-4d6d-a499-5b365ad2eaeb e12963c2-3722-4174-8571-f63f453352ce bfe20368-2229-4911-b447-6666f75f26d9 4c9a7e6d-4c84-4b52-950a-efb738dead3f e31e8d95-0b2c-4321-97ae-a5e47530407b eebba816-e61d-4f7a-9139-85c18079e175 df535235-31e6-46d1-ae15-f8859d7d0d01 826c1396-1376-4c70-87cf-33d1fba51e9d 0a9cfaa6-a54c-4369-9405-572de2eb6893 74584dfe-3ff2-4f61-be13-027a82db2f3f 911b087d-351f-4684-9798-cd7b5435566f 81235943-13d2-4a2f-9dde-659d1c902faa 07881aa8-35e7-48f3-9b64-dc7dec6aaec6 7f5b1ff5-c232-4e8c-ba68-344b428a8d5e 59cafb18-feae-409b-b4b5-0e74fccb52d3
1764489950281:staging-transaction-list --platform ETORO --limit 50
1764489974936:staging-transaction-confirm-list --ids 290738ac-0bf5-4421-8a2d-79f9a3afd7c6 6cc35053-9bc9-472e-baff-6e6cd4e9154d 0b843ba3-459e-421f-862c-440ec5f5d26a adab2a4d-9c8f-49db-855b-70c4ce71226a 9bce16d5-ee1f-4e2f-8519-deda95715d27 bebd9b68-e33a-42b5-bd48-4be1f6fd744d 391ba33e-5c16-4991-b60b-c9c6cf0054ec 405e05c9-c4cc-4a1d-8324-f4a4d00c5ccc f683a046-8d2e-42ce-855f-cb0c0b95e3f0 38d00444-67eb-4d5e-b530-9f10050e69bf 318fb951-7acf-412a-b3b3-579ddea92bb9 b8ab0aae-d0e2-48f7-a906-dd28cbf8b228 e34bf282-57ed-4136-a2b0-cc1bcd20a98b 14c7f9ed-e5da-4588-a9b2-4da9cf7108c4 85454929-53f3-4b28-a7d9-d8f6a06cb2be 5cbc020b-f29e-4a3c-bd21-c3936c9c1d01 657e67bf-748e-4a44-9c1f-d1a9cde1b21d ea36909b-341a-4cf8-983d-73005ab57695 35684ddb-dee2-4e43-b176-579835d15839 99b8b85f-9df5-47c7-b825-2c1776c5ee2e 63e13806-8f59-4fab-b095-1f11adda9961 00a73a9d-b6a6-458f-89c8-56bc7d0de698 86d39cea-4976-4f5c-9e71-4b86cf8b1458 0ead2870-4fc8-4861-a066-407f0cadfa67 4f2f504c-be7a-4092-bd10-363998cca1f2 5710e311-9e30-45b2-8c7f-e220a28484ea 5a321869-241e-4c1a-835e-4e39256cd4f9 8a883564-125c-4f01-8b3c-2863f8464fe5 d31ac908-9e2f-40ea-abf0-7a3a118fd828 ebabec85-a6f6-4bc5-bfe2-10625de02438 db89f0d7-5519-4f97-858c-bb64d1a51cc4 bbabc050-28fb-42e6-8427-f76b895a8808 dda196f4-06e2-4b12-ad74-23e0c3956236 f02b2600-063d-4418-9313-be27ce0725a1 0c4bc120-d9e5-4f06-b59d-a01419552fd3 f2202482-f9c3-478b-b944-e669fb603b06 9488972e-77d8-444d-be06-171efd78d71c 718d6578-6d29-41cf-9348-da55a876dc65 acd222bd-7bbe-41e0-b97c-d0edf7eeb82b 50cc8728-1632-423a-a907-b8ce8a943621 2141f00e-f4b3-4fb3-a926-813830c0579e 28f124fb-1b56-45ca-bb26-5f537f545290 8d59c327-d152-461b-8f1b-d25e9991182c 5b2cf3b0-8c15-40db-a585-66baf1c90b09 b79f97ed-cf2b-4021-bd87-4e794ff9aeb8 3d455ea6-9d01-49e4-9dbe-67c248de497b 2e286147-bd4b-446b-a960-5328f4c39ecc 3b50ca86-72d2-4272-902d-87c78d30f815 c7d9e1b1-2d7b-4416-86ab-fe92838b334d d114eb2a-9062-46bd-a85b-8283b4df99b8
1764489977243:staging-transaction-list --platform ETORO --limit 50
1764490065372:staging-transaction-confirm-list --ids 361cc548-4334-4969-a273-cb6d7977eb64 aa0251db-c87b-4c61-9fc4-ab5ea69175f4 cd97dc16-4094-4dc9-9f25-3cfb53e32ded be7e251d-25ed-4674-8a87-f2cb63565550 e82032cf-c69b-4e34-9f8b-6864d66ceb95 515d1b2b-2c77-4c6f-a41f-b9c401511efb fe537c12-e9eb-40f2-b1bf-a31a6b2657a1 202fe159-6d18-4fb3-ab99-6abb5b6d67a2 f6d61789-aafd-4c91-9825-060b90ca704f a9d4f795-1afd-4e78-bb50-b35117297e9f 38002b9c-917f-4e0c-b5b8-79325d9dba70 3d96a30f-6d38-42af-99b0-80dad79fe668 55b9d42e-3510-48b1-999a-6264113cfb12 b2d5249b-124b-4ce3-bf71-705bb4297ad9 2d861209-b976-47cd-a3a7-02bc926cc311 92bde361-0c86-4291-a14f-23019b07eead ff6cde74-e41b-4724-8589-eb25547a5443 236646cc-7f3a-4a3f-b838-3799c420481c 692312ee-fe92-44a0-8581-e076495316cc 8f72a98e-9c7f-436a-a36f-ef0a920528be 8ed512c8-0c7a-4524-8a5b-31f998f54cec b131c16f-f7e3-43ca-b1a5-cd201fcd2aea 3b7b41f1-49f3-4093-91a2-fc243c207831 5c77cccd-ca6d-401a-9adf-ca363f7febb4 e35e3809-2d23-4004-9a21-713489197aaa 0bfac030-dc20-4be0-8e62-e540d9e74610 c3adff89-f7b4-4b3e-96af-8ce5af90d7ee 0ed41b9f-39cc-4af6-bba2-caba2a7a0332 9ac08245-9744-40e9-aeb9-0587a97314ce 1c0bc8ab-e909-4846-a396-e7f1f4a29b43 e10c51de-b103-45f3-9069-e44601873ed3 60f856a4-1348-4e84-b13a-22a1ebccf947 773b71e7-6d64-4924-b274-c2781c086a13 fcb19597-c0df-4401-ab54-3a9595bca824 404b6cc3-108c-4c94-81c5-206a91de9e80 26da1d3e-6b4b-42df-91a8-61a41b5ce2c7 625eb9f7-ed8c-42c1-acf8-d28807d8d10c ebaf703a-d8f2-450a-a25e-4b920876e90e f315200a-1115-4316-9710-89872354dfdd f103aa3b-8ec3-47d5-b233-f26dd85b54ed 32309b66-4eac-4b80-8f38-3eebbcb135c8 e122290f-dd80-45bc-81a9-647ff05fc1fe 30465963-5016-4b5c-9599-304d6d1763a3 89d7d468-c68d-419b-92b2-9fbfba66058b 9ee4cd1c-d2ad-41ac-b9dd-96e04589e94f c466af60-ffb7-4af9-b9e3-c04aec1d4967 635f4030-7a1e-42a0-84a5-3e7f31371360 30ea0829-ee3e-490c-a58a-06a39d900fb0 5b56071d-2b25-4285-b8b0-16368aae3903 e3fae99f-da8e-4002-8420-87617a930349
1764490067431:staging-transaction-list --platform ETORO --limit 50
1764490094420:staging-transaction-confirm-list --ids 38ddb390-0bba-42ae-94ea-94be4949ffe9 52f256b0-1507-456e-8af8-891de7115c4d 0dfce2d6-b520-44ba-9fc7-17d23c9f5d2d 8525c091-9976-47d0-b19c-f335c01d9f5e 73a3d81b-bf6c-4b3f-8a7f-ad72711738da 7e2e0235-357a-4452-8a80-f5280e7910f1 d580c474-1dbc-4909-9839-c7e549ffb4d2 c2a61ed5-8beb-498e-91dc-050c8ab9ac69 ade116c2-3bba-4b9e-882d-8e6a5af0546d 147df6d9-ce29-49ab-a32d-49ea67e90ca2 448af6f2-6a2e-46e3-946d-8b05a9e5fec3 f4a9a892-01d4-4c12-af7f-06a167aa00bf e1b00f24-205c-4fdd-8485-30b1e5568d97 e41a632e-bccb-44f4-88b4-d7219d6b80ea 69ff9291-e90f-45cd-b9bf-dc01ebe3c7d1 700f35d3-9aa0-4913-b6b7-ba1e70561081 95ab3b16-371f-4291-bf37-46dd88c0d191 ca9bcd21-41a3-4274-aa75-850683a348df a1851474-abbc-4266-a7f0-85b82fddf959 22e7ec26-d4a6-49ee-8830-4becd35c1712 4d60af24-f638-441e-89d1-4b703850b1e2 53277de1-2c90-4f1d-b8f9-744f75609a9e 1d456b65-78f7-444a-bf5f-1b66ce80d3ff a2015575-ac3b-49ca-aece-f34d9a412b3c bb86ed40-e054-4d4b-8d9c-79ca759fbd65 cfb70ac9-5d38-4df4-9de1-7a7d8bf9535e
1764490096533:staging-transaction-list --platform ETORO --limit 50
1764490099481:copy
1764490330699:exit
1764491061830:copy
1764491111909:exit
1764492588986:import --platform ETORO --path "/mnt/c/Users/nenad/OneDrive/Documents/portfolio/etoro/2025.xlsx"
1764492602692:copy
1764493791111:import --platform ETORO --path "/mnt/c/Users/nenad/OneDrive/Documents/portfolio/etoro/2025.xlsx"
1764494446471:staging-transaction-list --platform ETORO
1764494449488:import --platform ETORO --path "/mnt/c/Users/nenad/OneDrive/Documents/portfolio/etoro/2025.xlsx"
1764494479149:copy
1764495081838:import --platform TRADING212 --path "/mnt/c/Users/nenad/OneDrive/Documents/portfolio/trading212/2024.csv"
1764495085930:import --platform TRADING212 --path "/mnt/c/Users/nenad/OneDrive/Documents/portfolio/trading212/2025.csv"
1764495170047:staging-transaction-list --platform TRADING212
1764495224053:staging-transaction-list --platform TRADING212 --limit 100
1764495274364:staging-transaction-confirm-list --ids 959359d7-2432-42cf-b909-5ec0fe28e612 db29b944-8f30-4de5-bed6-0942e3235de9 db29b944-8f30-4de5-bed6-0942e3235de9 db29b944-8f30-4de5-bed6-0942e3235de9 2cfab435-adb2-473b-9693-b7a1968e3f04 db31538f-53be-48ab-bed3-568c5da2f4a9
1764495277697:staging-transaction-list --platform TRADING212 --limit 100
1764495327343:staging-transaction-confirm-list --ids
1764495344325:staging-transaction-confirm-list --ids d4a338d6-85f1-458c-bcd3-4f222039a0c9 00afafdc-ec58-4567-8ef1-29860c91ee0e 829e8c30-d63f-4c5f-ab80-918f788aeb9d 73e69e61-d178-486b-958f-18f8c4472f34
1764495347619:staging-transaction-list --platform TRADING212 --limit 100
1764495349462:staging-transaction-confirm-list --ids
1764495367166:staging-transaction-confirm-list --ids c593fba8-960b-4852-a6a6-d482ce8300d9 02fde867-2ea9-4ac2-8793-fe591f7afef7 fdd8ba6e-a926-4dad-9846-7bed2c71eb22
1764495369505:staging-transaction-list --platform TRADING212 --limit 100
1764495372426:staging-transaction-confirm-list --ids
1764495391739:staging-transaction-confirm-list --ids 868304ea-a4d4-4fdc-b89c-950947130f0f ac71d5dc-b1fe-4bf2-a52a-42c1943e3462 16b402c4-afa3-4c0d-b8b4-e9074f38f1a0 16b402c4-afa3-4c0d-b8b4-e9074f38f1a0
1764495393174:staging-transaction-confirm-list --ids
1764495395478:staging-transaction-list --platform TRADING212 --limit 100
1764495412630:staging-transaction-confirm-list --ids 418184b6-301e-4e4d-b2b4-494384d609e7 370e3b45-2e8c-4ebc-b9cd-a1480c036648 370e3b45-2e8c-4ebc-b9cd-a1480c036648 370e3b45-2e8c-4ebc-b9cd-a1480c036648
1764495413950:staging-transaction-list --platform TRADING212 --limit 100
1764495416469:staging-transaction-confirm-list --ids
1764495433189:staging-transaction-confirm-list --ids 5c083888-b538-4710-a689-3833ad12301f 5c083888-b538-4710-a689-3833ad12301f 5c083888-b538-4710-a689-3833ad12301f 5c083888-b538-4710-a689-3833ad12301f
1764495435644:staging-transaction-list --platform TRADING212 --limit 100
1764495437953:staging-transaction-confirm-list --ids
1764495459410:staging-transaction-confirm-list --ids 595bcc8c-c9f6-4be7-b68b-718a5cee72eb c6da721f-4ecf-4670-ae38-cb523a997228 c6da721f-4ecf-4670-ae38-cb523a997228 cc05670d-bbfe-49f0-b724-e41a1c0a2815
1764495461645:staging-transaction-list --platform TRADING212 --limit 100
1764495479300:staging-transaction-confirm-list --ids 3cf7e88d-f98b-4586-b7e6-6c3a70d3559b 3cf7e88d-f98b-4586-b7e6-6c3a70d3559b 3cf7e88d-f98b-4586-b7e6-6c3a70d3559b 0a237718-25ea-404f-b312-be3492628dd0
1764495481785:staging-transaction-list --platform TRADING212 --limit 100
1764495502575:staging-transaction-confirm-list --ids 73978a3f-ea21-4878-b0fc-7899c7e6f153 73978a3f-ea21-4878-b0fc-7899c7e6f153
1764495504145:staging-transaction-list --platform TRADING212 --limit 100
1764495517819:staging-transaction-confirm-list --ids f2ae86da-ed6d-4349-bde8-fcf286dfe747
1764495519856:staging-transaction-list --platform TRADING212 --limit 100
1764495607071:staging-transaction-review 0095e2a4-a8ca-415e-814c-92092019888f
1764495617215:asset-filter --symbol AIR
1764495632186:staging-transaction-assign-asset --assetId df295f45-2d9a-4bd1-98fd-a43df868f7d7
1764495638303:staging-transaction-confirm
1764495643585:staging-transaction-re
1764495652946:staging-transaction-review --id b07ce4da-b70a-4601-9659-a2764e19a5ce
1764495657523:staging-transaction-assign-asset --assetId df295f45-2d9a-4bd1-98fd-a43df868f7d7
1764495662474:staging-transaction-confirm
1764495674310:staging-transaction-list --platform TRADING212
1764495691547:staging-transaction-review --id dc3738ba-e0c4-4705-9a30-54dce2b047cd
1764495695190:staging-transaction-assign-asset --assetId df295f45-2d9a-4bd1-98fd-a43df868f7d7
1764495700142:staging-transaction-confirm
1764495721445:staging-transaction-review --id f3766adf-e29b-4c9f-b76e-e4c39b7b482a
1764495727027:staging-transaction-confirm
1764495734397:staging-transaction-list --platform TRADING212
1764495770790:staging-transaction-review --id a1716fec-d8fd-4ed5-a924-9a14dee6a638
1764495788568:staging-transaction-assign-asset --assetId df295f45-2d9a-4bd1-98fd-a43df868f7d7
1764495790872:staging-transaction-confirm
1764495795423:staging-transaction-list --platform TRADING212
1764495815240:staging-transaction-review --id df58fad9-7974-4111-8363-226e5a0c55b4
1764495823822:staging-transaction-assign-asset --assetId df295f45-2d9a-4bd1-98fd-a43df868f7d7
1764495828579:staging-transaction-confirm
1764495835361:staging-transaction-list --platform TRADING212
1764495870223:staging-transaction-review --id dfa179e8-2101-491d-b01a-bba65845ddc9
1764495873322:staging-transaction-assign-asset --assetId df295f45-2d9a-4bd1-98fd-a43df868f7d7
1764495876159:staging-transaction-confirm
1764495878576:staging-transaction-list --platform TRADING212
1764495902898:staging-transaction-review --id 5b814e20-6551-4aad-a366-5e27aa23d8ba
1764495905482:staging-transaction-assign-asset --assetId df295f45-2d9a-4bd1-98fd-a43df868f7d7
1764495907576:staging-transaction-confirm
1764495917426:staging-transaction-list --platform TRADING212
1764495946818:staging-transaction-confirm-list --ids f5ab61db-4468-4ab7-bfb2-d7579f11f058 00aaa32e-3d68-4083-973c-8ddf79a6a2af 570932d3-7a03-4617-ba65-6ae5f49422d0 8b7ae62e-97fe-4077-bcf8-b9f2c6b55102 ca6a3d81-f2dd-427a-a40a-dcc097d75434 e0e60287-e72e-48a0-b6cb-68d32051d0a1 f0f14b73-2110-4d11-aa08-7b4a44f14dbd c36e9e71-1866-43e7-b1ad-814ccfdc9a4d 1334b33f-3070-4683-9085-af154b63afe2 a46d1639-94e4-4e7a-aad4-d24cde6ee966 1ed4ea13-43cb-4583-9143-84d32a914186 c3f5aae5-add6-41db-a15f-1bd5c7bee0f9 4e5c1e5e-a40c-4a30-81be-34ddac0311cf
1764495948448:staging-transaction-list --platform TRADING212
1764495954423:copy
